{"numFailedTestSuites":0,"numFailedTests":0,"numPassedTestSuites":8,"numPassedTests":137,"numPendingTestSuites":0,"numPendingTests":0,"numRuntimeErrorTestSuites":0,"numTodoTests":0,"numTotalTestSuites":8,"numTotalTests":137,"openHandles":[],"snapshot":{"added":0,"didUpdate":false,"failure":false,"filesAdded":0,"filesRemoved":0,"filesRemovedList":[],"filesUnmatched":0,"filesUpdated":0,"matched":0,"total":0,"unchecked":0,"uncheckedKeysByFile":[],"unmatched":0,"updated":0},"startTime":1774854947192,"success":true,"testResults":[{"assertionResults":[{"ancestorTitles":["Hotkey integration"],"duration":1881,"failureDetails":[],"failureMessages":[],"fullName":"Hotkey integration triggers a fill when the configured hotkey is pressed","invocations":1,"location":null,"numPassingAsserts":2,"retryReasons":[],"status":"passed","title":"triggers a fill when the configured hotkey is pressed"}],"endTime":1774854950721,"message":"","name":"E:\\fake-filler\\tests\\unit\\hotkey.integration.test.ts","startTime":1774854947601,"status":"passed","summary":""},{"assertionResults":[{"ancestorTitles":["All inputs integration"],"duration":1693,"failureDetails":[],"failureMessages":[],"fullName":"All inputs integration detects and fills a complex form with zero remaining errors","invocations":1,"location":null,"numPassingAsserts":3,"retryReasons":[],"status":"passed","title":"detects and fills a complex form with zero remaining errors"},{"ancestorTitles":["All inputs integration"],"duration":1695,"failureDetails":[],"failureMessages":[],"fullName":"All inputs integration fills account & profile fields correctly","invocations":1,"location":null,"numPassingAsserts":7,"retryReasons":[],"status":"passed","title":"fills account & profile fields correctly"},{"ancestorTitles":["All inputs integration"],"duration":1599,"failureDetails":[],"failureMessages":[],"fullName":"All inputs integration fills address & location fields correctly","invocations":1,"location":null,"numPassingAsserts":7,"retryReasons":[],"status":"passed","title":"fills address & location fields correctly"},{"ancestorTitles":["All inputs integration"],"duration":1638,"failureDetails":[],"failureMessages":[],"fullName":"All inputs integration fills professional fields correctly","invocations":1,"location":null,"numPassingAsserts":7,"retryReasons":[],"status":"passed","title":"fills professional fields correctly"},{"ancestorTitles":["All inputs integration"],"duration":1663,"failureDetails":[],"failureMessages":[],"fullName":"All inputs integration fills financial & banking fields correctly","invocations":1,"location":null,"numPassingAsserts":5,"retryReasons":[],"status":"passed","title":"fills financial & banking fields correctly"},{"ancestorTitles":["All inputs integration"],"duration":1632,"failureDetails":[],"failureMessages":[],"fullName":"All inputs integration fills identification document fields correctly","invocations":1,"location":null,"numPassingAsserts":1,"retryReasons":[],"status":"passed","title":"fills identification document fields correctly"},{"ancestorTitles":["All inputs integration"],"duration":1672,"failureDetails":[],"failureMessages":[],"fullName":"All inputs integration handles legal checkboxes — required checked, optional also filled","invocations":1,"location":null,"numPassingAsserts":7,"retryReasons":[],"status":"passed","title":"handles legal checkboxes — required checked, optional also filled"},{"ancestorTitles":["All inputs integration"],"duration":1620,"failureDetails":[],"failureMessages":[],"fullName":"All inputs integration fills all required selects with non-empty values","invocations":1,"location":null,"numPassingAsserts":21,"retryReasons":[],"status":"passed","title":"fills all required selects with non-empty values"},{"ancestorTitles":["All inputs integration"],"duration":1587,"failureDetails":[],"failureMessages":[],"fullName":"All inputs integration fills numeric fields within their min/max ranges","invocations":1,"location":null,"numPassingAsserts":10,"retryReasons":[],"status":"passed","title":"fills numeric fields within their min/max ranges"},{"ancestorTitles":["All inputs integration"],"duration":1668,"failureDetails":[],"failureMessages":[],"fullName":"All inputs integration fills banking fields with correct patterns","invocations":1,"location":null,"numPassingAsserts":5,"retryReasons":[],"status":"passed","title":"fills banking fields with correct patterns"},{"ancestorTitles":["All inputs integration"],"duration":1625,"failureDetails":[],"failureMessages":[],"fullName":"All inputs integration fills identification document fields correctly","invocations":1,"location":null,"numPassingAsserts":8,"retryReasons":[],"status":"passed","title":"fills identification document fields correctly"},{"ancestorTitles":["All inputs integration"],"duration":825,"failureDetails":[],"failureMessages":[],"fullName":"All inputs integration fills time, datetime-local, month, and week inputs","invocations":1,"location":null,"numPassingAsserts":4,"retryReasons":[],"status":"passed","title":"fills time, datetime-local, month, and week inputs"},{"ancestorTitles":["All inputs integration"],"duration":1638,"failureDetails":[],"failureMessages":[],"fullName":"All inputs integration generates future dates for interview and start fields","invocations":1,"location":null,"numPassingAsserts":2,"retryReasons":[],"status":"passed","title":"generates future dates for interview and start fields"},{"ancestorTitles":["All inputs integration"],"duration":1624,"failureDetails":[],"failureMessages":[],"fullName":"All inputs integration generates step-aligned numeric values","invocations":1,"location":null,"numPassingAsserts":3,"retryReasons":[],"status":"passed","title":"generates step-aligned numeric values"},{"ancestorTitles":["All inputs integration"],"duration":1666,"failureDetails":[],"failureMessages":[],"fullName":"All inputs integration generates numeric-only postal/zip codes","invocations":1,"location":null,"numPassingAsserts":1,"retryReasons":[],"status":"passed","title":"generates numeric-only postal/zip codes"},{"ancestorTitles":["All inputs integration"],"duration":1439,"failureDetails":[],"failureMessages":[],"fullName":"All inputs integration recovery does not overwrite valid fields","invocations":1,"location":null,"numPassingAsserts":4,"retryReasons":[],"status":"passed","title":"recovery does not overwrite valid fields"},{"ancestorTitles":["All inputs integration"],"duration":1649,"failureDetails":[],"failureMessages":[],"fullName":"All inputs integration fills non-required fields (alt email, alt phone, website, optional selects, etc.)","invocations":1,"location":null,"numPassingAsserts":10,"retryReasons":[],"status":"passed","title":"fills non-required fields (alt email, alt phone, website, optional selects, etc.)"}],"endTime":1774854977780,"message":"","name":"E:\\fake-filler\\tests\\unit\\all-inputs.integration.test.ts","startTime":1774854950754,"status":"passed","summary":""},{"assertionResults":[{"ancestorTitles":["ErrorRecoveryEngine","classifyError()"],"duration":1,"failureDetails":[],"failureMessages":[],"fullName":"ErrorRecoveryEngine classifyError() classifies \"Email already exists\" as exists","invocations":1,"location":null,"numPassingAsserts":1,"retryReasons":[],"status":"passed","title":"classifies \"Email already exists\" as exists"},{"ancestorTitles":["ErrorRecoveryEngine","classifyError()"],"duration":1,"failureDetails":[],"failureMessages":[],"fullName":"ErrorRecoveryEngine classifyError() classifies \"already registered\" as exists","invocations":1,"location":null,"numPassingAsserts":1,"retryReasons":[],"status":"passed","title":"classifies \"already registered\" as exists"},{"ancestorTitles":["ErrorRecoveryEngine","classifyError()"],"duration":0,"failureDetails":[],"failureMessages":[],"fullName":"ErrorRecoveryEngine classifyError() classifies \"This field is required\" as required","invocations":1,"location":null,"numPassingAsserts":1,"retryReasons":[],"status":"passed","title":"classifies \"This field is required\" as required"},{"ancestorTitles":["ErrorRecoveryEngine","classifyError()"],"duration":0,"failureDetails":[],"failureMessages":[],"fullName":"ErrorRecoveryEngine classifyError() classifies \"Cannot be empty\" as required","invocations":1,"location":null,"numPassingAsserts":1,"retryReasons":[],"status":"passed","title":"classifies \"Cannot be empty\" as required"},{"ancestorTitles":["ErrorRecoveryEngine","classifyError()"],"duration":1,"failureDetails":[],"failureMessages":[],"fullName":"ErrorRecoveryEngine classifyError() classifies \"Invalid format\" as format","invocations":1,"location":null,"numPassingAsserts":1,"retryReasons":[],"status":"passed","title":"classifies \"Invalid format\" as format"},{"ancestorTitles":["ErrorRecoveryEngine","classifyError()"],"duration":0,"failureDetails":[],"failureMessages":[],"fullName":"ErrorRecoveryEngine classifyError() classifies \"Must be at least 8 characters\" as length","invocations":1,"location":null,"numPassingAsserts":1,"retryReasons":[],"status":"passed","title":"classifies \"Must be at least 8 characters\" as length"},{"ancestorTitles":["ErrorRecoveryEngine","classifyError()"],"duration":0,"failureDetails":[],"failureMessages":[],"fullName":"ErrorRecoveryEngine classifyError() classifies \"Too long\" as length","invocations":1,"location":null,"numPassingAsserts":1,"retryReasons":[],"status":"passed","title":"classifies \"Too long\" as length"},{"ancestorTitles":["ErrorRecoveryEngine","classifyError()"],"duration":1,"failureDetails":[],"failureMessages":[],"fullName":"ErrorRecoveryEngine classifyError() classifies \"Must be between 18 and 65\" as range","invocations":1,"location":null,"numPassingAsserts":1,"retryReasons":[],"status":"passed","title":"classifies \"Must be between 18 and 65\" as range"},{"ancestorTitles":["ErrorRecoveryEngine","classifyError()"],"duration":0,"failureDetails":[],"failureMessages":[],"fullName":"ErrorRecoveryEngine classifyError() classifies \"Invalid email address\" as email","invocations":1,"location":null,"numPassingAsserts":1,"retryReasons":[],"status":"passed","title":"classifies \"Invalid email address\" as email"},{"ancestorTitles":["ErrorRecoveryEngine","classifyError()"],"duration":1,"failureDetails":[],"failureMessages":[],"fullName":"ErrorRecoveryEngine classifyError() classifies \"Phone number must be 10 digits\" as phone","invocations":1,"location":null,"numPassingAsserts":1,"retryReasons":[],"status":"passed","title":"classifies \"Phone number must be 10 digits\" as phone"},{"ancestorTitles":["ErrorRecoveryEngine","classifyError()"],"duration":0,"failureDetails":[],"failureMessages":[],"fullName":"ErrorRecoveryEngine classifyError() classifies \"Password must contain uppercase\" as password","invocations":1,"location":null,"numPassingAsserts":1,"retryReasons":[],"status":"passed","title":"classifies \"Password must contain uppercase\" as password"},{"ancestorTitles":["ErrorRecoveryEngine","classifyError()"],"duration":0,"failureDetails":[],"failureMessages":[],"fullName":"ErrorRecoveryEngine classifyError() classifies \"Some other message\" as unknown","invocations":1,"location":null,"numPassingAsserts":1,"retryReasons":[],"status":"passed","title":"classifies \"Some other message\" as unknown"},{"ancestorTitles":["ErrorRecoveryEngine","analyzeErrors()"],"duration":0,"failureDetails":[],"failureMessages":[],"fullName":"ErrorRecoveryEngine analyzeErrors() returns no error when input is empty","invocations":1,"location":null,"numPassingAsserts":2,"retryReasons":[],"status":"passed","title":"returns no error when input is empty"},{"ancestorTitles":["ErrorRecoveryEngine","analyzeErrors()"],"duration":1,"failureDetails":[],"failureMessages":[],"fullName":"ErrorRecoveryEngine analyzeErrors() detects a single error message","invocations":1,"location":null,"numPassingAsserts":2,"retryReasons":[],"status":"passed","title":"detects a single error message"},{"ancestorTitles":["ErrorRecoveryEngine","analyzeErrors()"],"duration":1,"failureDetails":[],"failureMessages":[],"fullName":"ErrorRecoveryEngine analyzeErrors() deduplicates affected fields","invocations":1,"location":null,"numPassingAsserts":1,"retryReasons":[],"status":"passed","title":"deduplicates affected fields"},{"ancestorTitles":["ErrorRecoveryEngine","analyzeErrors()"],"duration":1,"failureDetails":[],"failureMessages":[],"fullName":"ErrorRecoveryEngine analyzeErrors() assigns high severity for \"exists\" errors","invocations":1,"location":null,"numPassingAsserts":1,"retryReasons":[],"status":"passed","title":"assigns high severity for \"exists\" errors"},{"ancestorTitles":["ErrorRecoveryEngine","analyzeErrors()"],"duration":1,"failureDetails":[],"failureMessages":[],"fullName":"ErrorRecoveryEngine analyzeErrors() assigns medium severity for \"required\" errors","invocations":1,"location":null,"numPassingAsserts":1,"retryReasons":[],"status":"passed","title":"assigns medium severity for \"required\" errors"},{"ancestorTitles":["ErrorRecoveryEngine","analyzeErrors()"],"duration":0,"failureDetails":[],"failureMessages":[],"fullName":"ErrorRecoveryEngine analyzeErrors() filters out very short error texts","invocations":1,"location":null,"numPassingAsserts":1,"retryReasons":[],"status":"passed","title":"filters out very short error texts"},{"ancestorTitles":["ErrorRecoveryEngine","recover()"],"duration":1,"failureDetails":[],"failureMessages":[],"fullName":"ErrorRecoveryEngine recover() produces a regenerate action for \"exists\" error","invocations":1,"location":null,"numPassingAsserts":1,"retryReasons":[],"status":"passed","title":"produces a regenerate action for \"exists\" error"},{"ancestorTitles":["ErrorRecoveryEngine","recover()"],"duration":1,"failureDetails":[],"failureMessages":[],"fullName":"ErrorRecoveryEngine recover() fills updatedFields when a match is found","invocations":1,"location":null,"numPassingAsserts":2,"retryReasons":[],"status":"passed","title":"fills updatedFields when a match is found"},{"ancestorTitles":["ErrorRecoveryEngine","recover()"],"duration":1,"failureDetails":[],"failureMessages":[],"fullName":"ErrorRecoveryEngine recover() marks as requiring manual intervention at retryCount >= 2 for unknown","invocations":1,"location":null,"numPassingAsserts":1,"retryReasons":[],"status":"passed","title":"marks as requiring manual intervention at retryCount >= 2 for unknown"}],"endTime":1774854978064,"message":"","name":"E:\\fake-filler\\tests\\unit\\error-recovery.test.ts","startTime":1774854977956,"status":"passed","summary":""},{"assertionResults":[{"ancestorTitles":["DataGenerator","generateEmail()"],"duration":1,"failureDetails":[],"failureMessages":[],"fullName":"DataGenerator generateEmail() returns a valid email address","invocations":1,"location":null,"numPassingAsserts":1,"retryReasons":[],"status":"passed","title":"returns a valid email address"},{"ancestorTitles":["DataGenerator","generateEmail()"],"duration":1,"failureDetails":[],"failureMessages":[],"fullName":"DataGenerator generateEmail() uses the configured email domain","invocations":1,"location":null,"numPassingAsserts":1,"retryReasons":[],"status":"passed","title":"uses the configured email domain"},{"ancestorTitles":["DataGenerator","generateEmail()"],"duration":1,"failureDetails":[],"failureMessages":[],"fullName":"DataGenerator generateEmail() incorporates persona name when provided","invocations":1,"location":null,"numPassingAsserts":2,"retryReasons":[],"status":"passed","title":"incorporates persona name when provided"},{"ancestorTitles":["DataGenerator","generateEmail()"],"duration":0,"failureDetails":[],"failureMessages":[],"fullName":"DataGenerator generateEmail() generates unique emails over multiple calls","invocations":1,"location":null,"numPassingAsserts":1,"retryReasons":[],"status":"passed","title":"generates unique emails over multiple calls"},{"ancestorTitles":["DataGenerator","generatePhone()"],"duration":1,"failureDetails":[],"failureMessages":[],"fullName":"DataGenerator generatePhone() returns a string with digits","invocations":1,"location":null,"numPassingAsserts":1,"retryReasons":[],"status":"passed","title":"returns a string with digits"},{"ancestorTitles":["DataGenerator","generatePhone()"],"duration":0,"failureDetails":[],"failureMessages":[],"fullName":"DataGenerator generatePhone() respects the en-US format pattern","invocations":1,"location":null,"numPassingAsserts":1,"retryReasons":[],"status":"passed","title":"respects the en-US format pattern"},{"ancestorTitles":["DataGenerator","generatePhone()"],"duration":1,"failureDetails":[],"failureMessages":[],"fullName":"DataGenerator generatePhone() uses the correct format for de-DE locale","invocations":1,"location":null,"numPassingAsserts":1,"retryReasons":[],"status":"passed","title":"uses the correct format for de-DE locale"},{"ancestorTitles":["DataGenerator","generatePhone()"],"duration":0,"failureDetails":[],"failureMessages":[],"fullName":"DataGenerator generatePhone() generates realistic phone for en-GB locale","invocations":1,"location":null,"numPassingAsserts":1,"retryReasons":[],"status":"passed","title":"generates realistic phone for en-GB locale"},{"ancestorTitles":["DataGenerator","address generation"],"duration":0,"failureDetails":[],"failureMessages":[],"fullName":"DataGenerator address generation generates street, city, state, zipcode, country","invocations":1,"location":null,"numPassingAsserts":6,"retryReasons":[],"status":"passed","title":"generates street, city, state, zipcode, country"},{"ancestorTitles":["DataGenerator","address generation"],"duration":0,"failureDetails":[],"failureMessages":[],"fullName":"DataGenerator address generation generates a combined address string for `address` type","invocations":1,"location":null,"numPassingAsserts":2,"retryReasons":[],"status":"passed","title":"generates a combined address string for `address` type"},{"ancestorTitles":["DataGenerator","generatePassword()"],"duration":0,"failureDetails":[],"failureMessages":[],"fullName":"DataGenerator generatePassword() meets minimum length","invocations":1,"location":null,"numPassingAsserts":1,"retryReasons":[],"status":"passed","title":"meets minimum length"},{"ancestorTitles":["DataGenerator","generatePassword()"],"duration":2,"failureDetails":[],"failureMessages":[],"fullName":"DataGenerator generatePassword() always contains an uppercase letter","invocations":1,"location":null,"numPassingAsserts":20,"retryReasons":[],"status":"passed","title":"always contains an uppercase letter"},{"ancestorTitles":["DataGenerator","generatePassword()"],"duration":2,"failureDetails":[],"failureMessages":[],"fullName":"DataGenerator generatePassword() always contains a digit","invocations":1,"location":null,"numPassingAsserts":20,"retryReasons":[],"status":"passed","title":"always contains a digit"},{"ancestorTitles":["DataGenerator","generatePassword()"],"duration":3,"failureDetails":[],"failureMessages":[],"fullName":"DataGenerator generatePassword() always contains a special character","invocations":1,"location":null,"numPassingAsserts":20,"retryReasons":[],"status":"passed","title":"always contains a special character"},{"ancestorTitles":["DataGenerator","generatePassword()"],"duration":0,"failureDetails":[],"failureMessages":[],"fullName":"DataGenerator generatePassword() generates passwords of default length when no minLength given","invocations":1,"location":null,"numPassingAsserts":1,"retryReasons":[],"status":"passed","title":"generates passwords of default length when no minLength given"},{"ancestorTitles":["DataGenerator","generateBirthdate()"],"duration":0,"failureDetails":[],"failureMessages":[],"fullName":"DataGenerator generateBirthdate() returns a valid ISO date string","invocations":1,"location":null,"numPassingAsserts":1,"retryReasons":[],"status":"passed","title":"returns a valid ISO date string"},{"ancestorTitles":["DataGenerator","generateBirthdate()"],"duration":1,"failureDetails":[],"failureMessages":[],"fullName":"DataGenerator generateBirthdate() generates an age >= 18","invocations":1,"location":null,"numPassingAsserts":20,"retryReasons":[],"status":"passed","title":"generates an age >= 18"},{"ancestorTitles":["DataGenerator","generateForField() – creditCard type"],"duration":1,"failureDetails":[],"failureMessages":[],"fullName":"DataGenerator generateForField() – creditCard type returns a Luhn-valid card number","invocations":1,"location":null,"numPassingAsserts":2,"retryReasons":[],"status":"passed","title":"returns a Luhn-valid card number"},{"ancestorTitles":["DataGenerator","generateCardExpiry()"],"duration":0,"failureDetails":[],"failureMessages":[],"fullName":"DataGenerator generateCardExpiry() returns MM/YY format","invocations":1,"location":null,"numPassingAsserts":1,"retryReasons":[],"status":"passed","title":"returns MM/YY format"},{"ancestorTitles":["DataGenerator","generateCardExpiry()"],"duration":0,"failureDetails":[],"failureMessages":[],"fullName":"DataGenerator generateCardExpiry() is in the future","invocations":1,"location":null,"numPassingAsserts":1,"retryReasons":[],"status":"passed","title":"is in the future"},{"ancestorTitles":["DataGenerator","generateNumber()"],"duration":0,"failureDetails":[],"failureMessages":[],"fullName":"DataGenerator generateNumber() respects min constraint","invocations":1,"location":null,"numPassingAsserts":1,"retryReasons":[],"status":"passed","title":"respects min constraint"},{"ancestorTitles":["DataGenerator","generateNumber()"],"duration":1,"failureDetails":[],"failureMessages":[],"fullName":"DataGenerator generateNumber() respects max constraint","invocations":1,"location":null,"numPassingAsserts":20,"retryReasons":[],"status":"passed","title":"respects max constraint"},{"ancestorTitles":["DataGenerator","buildPersona()"],"duration":1,"failureDetails":[],"failureMessages":[],"fullName":"DataGenerator buildPersona() returns a persona with firstName, lastName, username","invocations":1,"location":null,"numPassingAsserts":4,"retryReasons":[],"status":"passed","title":"returns a persona with firstName, lastName, username"},{"ancestorTitles":["DataGenerator","validate()"],"duration":1,"failureDetails":[],"failureMessages":[],"fullName":"DataGenerator validate() rejects values shorter than minLength","invocations":1,"location":null,"numPassingAsserts":1,"retryReasons":[],"status":"passed","title":"rejects values shorter than minLength"},{"ancestorTitles":["DataGenerator","validate()"],"duration":0,"failureDetails":[],"failureMessages":[],"fullName":"DataGenerator validate() rejects values longer than maxLength","invocations":1,"location":null,"numPassingAsserts":1,"retryReasons":[],"status":"passed","title":"rejects values longer than maxLength"},{"ancestorTitles":["DataGenerator","validate()"],"duration":0,"failureDetails":[],"failureMessages":[],"fullName":"DataGenerator validate() accepts a value within length bounds","invocations":1,"location":null,"numPassingAsserts":1,"retryReasons":[],"status":"passed","title":"accepts a value within length bounds"},{"ancestorTitles":["DataGenerator","validate()"],"duration":1,"failureDetails":[],"failureMessages":[],"fullName":"DataGenerator validate() validates against pattern constraint","invocations":1,"location":null,"numPassingAsserts":2,"retryReasons":[],"status":"passed","title":"validates against pattern constraint"},{"ancestorTitles":["DataGenerator","generateWithRetry()"],"duration":1,"failureDetails":[],"failureMessages":[],"fullName":"DataGenerator generateWithRetry() returns a non-null value for standard text fields","invocations":1,"location":null,"numPassingAsserts":1,"retryReasons":[],"status":"passed","title":"returns a non-null value for standard text fields"},{"ancestorTitles":["DataGenerator","generateWithRetry()"],"duration":0,"failureDetails":[],"failureMessages":[],"fullName":"DataGenerator generateWithRetry() returns null for file fields","invocations":1,"location":null,"numPassingAsserts":1,"retryReasons":[],"status":"passed","title":"returns null for file fields"}],"endTime":1774854978175,"message":"","name":"E:\\fake-filler\\tests\\unit\\data-generator.test.ts","startTime":1774854978071,"status":"passed","summary":""},{"assertionResults":[{"ancestorTitles":["replacePlaceholders()"],"duration":1,"failureDetails":[],"failureMessages":[],"fullName":"replacePlaceholders() replaces all # with a single digit 0–9","invocations":1,"location":null,"numPassingAsserts":1,"retryReasons":[],"status":"passed","title":"replaces all # with a single digit 0–9"},{"ancestorTitles":["replacePlaceholders()"],"duration":1,"failureDetails":[],"failureMessages":[],"fullName":"replacePlaceholders() leaves non-# characters unchanged","invocations":1,"location":null,"numPassingAsserts":1,"retryReasons":[],"status":"passed","title":"leaves non-# characters unchanged"},{"ancestorTitles":["randomInt()"],"duration":7,"failureDetails":[],"failureMessages":[],"fullName":"randomInt() returns an integer in [min, max]","invocations":1,"location":null,"numPassingAsserts":200,"retryReasons":[],"status":"passed","title":"returns an integer in [min, max]"},{"ancestorTitles":["randomInt()"],"duration":0,"failureDetails":[],"failureMessages":[],"fullName":"randomInt() returns min when min === max","invocations":1,"location":null,"numPassingAsserts":1,"retryReasons":[],"status":"passed","title":"returns min when min === max"},{"ancestorTitles":["pick()"],"duration":1,"failureDetails":[],"failureMessages":[],"fullName":"pick() returns an element from the array","invocations":1,"location":null,"numPassingAsserts":20,"retryReasons":[],"status":"passed","title":"returns an element from the array"},{"ancestorTitles":["shuffleInPlace()"],"duration":0,"failureDetails":[],"failureMessages":[],"fullName":"shuffleInPlace() returns the same elements","invocations":1,"location":null,"numPassingAsserts":1,"retryReasons":[],"status":"passed","title":"returns the same elements"},{"ancestorTitles":["shuffleInPlace()"],"duration":0,"failureDetails":[],"failureMessages":[],"fullName":"shuffleInPlace() modifies and returns the same array reference","invocations":1,"location":null,"numPassingAsserts":1,"retryReasons":[],"status":"passed","title":"modifies and returns the same array reference"},{"ancestorTitles":["Luhn algorithm"],"duration":0,"failureDetails":[],"failureMessages":[],"fullName":"Luhn algorithm isLuhnValid returns true for known valid card (Visa)","invocations":1,"location":null,"numPassingAsserts":1,"retryReasons":[],"status":"passed","title":"isLuhnValid returns true for known valid card (Visa)"},{"ancestorTitles":["Luhn algorithm"],"duration":0,"failureDetails":[],"failureMessages":[],"fullName":"Luhn algorithm isLuhnValid returns true for known valid card (MC)","invocations":1,"location":null,"numPassingAsserts":1,"retryReasons":[],"status":"passed","title":"isLuhnValid returns true for known valid card (MC)"},{"ancestorTitles":["Luhn algorithm"],"duration":0,"failureDetails":[],"failureMessages":[],"fullName":"Luhn algorithm isLuhnValid returns false for an invalid card number","invocations":1,"location":null,"numPassingAsserts":1,"retryReasons":[],"status":"passed","title":"isLuhnValid returns false for an invalid card number"},{"ancestorTitles":["Luhn algorithm"],"duration":0,"failureDetails":[],"failureMessages":[],"fullName":"Luhn algorithm isLuhnValid ignores non-digit characters","invocations":1,"location":null,"numPassingAsserts":1,"retryReasons":[],"status":"passed","title":"isLuhnValid ignores non-digit characters"},{"ancestorTitles":["Luhn algorithm"],"duration":0,"failureDetails":[],"failureMessages":[],"fullName":"Luhn algorithm luhnChecksum returns 0 for a valid number","invocations":1,"location":null,"numPassingAsserts":1,"retryReasons":[],"status":"passed","title":"luhnChecksum returns 0 for a valid number"},{"ancestorTitles":["toISODate()"],"duration":1,"failureDetails":[],"failureMessages":[],"fullName":"toISODate() formats a Date as YYYY-MM-DD","invocations":1,"location":null,"numPassingAsserts":1,"retryReasons":[],"status":"passed","title":"formats a Date as YYYY-MM-DD"},{"ancestorTitles":["randomDate()"],"duration":1,"failureDetails":[],"failureMessages":[],"fullName":"randomDate() returns a Date between from and to","invocations":1,"location":null,"numPassingAsserts":20,"retryReasons":[],"status":"passed","title":"returns a Date between from and to"},{"ancestorTitles":["generateId()"],"duration":0,"failureDetails":[],"failureMessages":[],"fullName":"generateId() returns a non-empty string","invocations":1,"location":null,"numPassingAsserts":1,"retryReasons":[],"status":"passed","title":"returns a non-empty string"},{"ancestorTitles":["generateId()"],"duration":1,"failureDetails":[],"failureMessages":[],"fullName":"generateId() includes the prefix when given","invocations":1,"location":null,"numPassingAsserts":1,"retryReasons":[],"status":"passed","title":"includes the prefix when given"},{"ancestorTitles":["generateId()"],"duration":0,"failureDetails":[],"failureMessages":[],"fullName":"generateId() generates unique IDs","invocations":1,"location":null,"numPassingAsserts":1,"retryReasons":[],"status":"passed","title":"generates unique IDs"},{"ancestorTitles":["hostnameFromUrl()"],"duration":1,"failureDetails":[],"failureMessages":[],"fullName":"hostnameFromUrl() extracts hostname from a valid URL","invocations":1,"location":null,"numPassingAsserts":1,"retryReasons":[],"status":"passed","title":"extracts hostname from a valid URL"},{"ancestorTitles":["hostnameFromUrl()"],"duration":2,"failureDetails":[],"failureMessages":[],"fullName":"hostnameFromUrl() returns empty string for an invalid URL","invocations":1,"location":null,"numPassingAsserts":1,"retryReasons":[],"status":"passed","title":"returns empty string for an invalid URL"},{"ancestorTitles":["matchesHostnameList()"],"duration":0,"failureDetails":[],"failureMessages":[],"fullName":"matchesHostnameList() matches an exact hostname","invocations":1,"location":null,"numPassingAsserts":1,"retryReasons":[],"status":"passed","title":"matches an exact hostname"},{"ancestorTitles":["matchesHostnameList()"],"duration":0,"failureDetails":[],"failureMessages":[],"fullName":"matchesHostnameList() matches a subdomain when entry has no wildcard","invocations":1,"location":null,"numPassingAsserts":1,"retryReasons":[],"status":"passed","title":"matches a subdomain when entry has no wildcard"},{"ancestorTitles":["matchesHostnameList()"],"duration":1,"failureDetails":[],"failureMessages":[],"fullName":"matchesHostnameList() matches wildcard entries","invocations":1,"location":null,"numPassingAsserts":1,"retryReasons":[],"status":"passed","title":"matches wildcard entries"},{"ancestorTitles":["matchesHostnameList()"],"duration":0,"failureDetails":[],"failureMessages":[],"fullName":"matchesHostnameList() does not match unrelated hostnames","invocations":1,"location":null,"numPassingAsserts":1,"retryReasons":[],"status":"passed","title":"does not match unrelated hostnames"},{"ancestorTitles":["matchesHostnameList()"],"duration":0,"failureDetails":[],"failureMessages":[],"fullName":"matchesHostnameList() returns false for empty list","invocations":1,"location":null,"numPassingAsserts":1,"retryReasons":[],"status":"passed","title":"returns false for empty list"},{"ancestorTitles":["truncate()"],"duration":0,"failureDetails":[],"failureMessages":[],"fullName":"truncate() truncates long strings with ellipsis","invocations":1,"location":null,"numPassingAsserts":2,"retryReasons":[],"status":"passed","title":"truncates long strings with ellipsis"},{"ancestorTitles":["truncate()"],"duration":0,"failureDetails":[],"failureMessages":[],"fullName":"truncate() returns the string unchanged when within limit","invocations":1,"location":null,"numPassingAsserts":1,"retryReasons":[],"status":"passed","title":"returns the string unchanged when within limit"},{"ancestorTitles":["padStart()"],"duration":0,"failureDetails":[],"failureMessages":[],"fullName":"padStart() pads a single digit to two characters","invocations":1,"location":null,"numPassingAsserts":1,"retryReasons":[],"status":"passed","title":"pads a single digit to two characters"},{"ancestorTitles":["padStart()"],"duration":0,"failureDetails":[],"failureMessages":[],"fullName":"padStart() does not pad when already at width","invocations":1,"location":null,"numPassingAsserts":1,"retryReasons":[],"status":"passed","title":"does not pad when already at width"},{"ancestorTitles":["deepClone()"],"duration":0,"failureDetails":[],"failureMessages":[],"fullName":"deepClone() produces a deep copy of an object","invocations":1,"location":null,"numPassingAsserts":1,"retryReasons":[],"status":"passed","title":"produces a deep copy of an object"}],"endTime":1774854978236,"message":"","name":"E:\\fake-filler\\tests\\unit\\utils.test.ts","startTime":1774854978182,"status":"passed","summary":""},{"assertionResults":[{"ancestorTitles":["formFingerprint()"],"duration":0,"failureDetails":[],"failureMessages":[],"fullName":"formFingerprint() produces a deterministic string for a set of fields","invocations":1,"location":null,"numPassingAsserts":1,"retryReasons":[],"status":"passed","title":"produces a deterministic string for a set of fields"},{"ancestorTitles":["formFingerprint()"],"duration":0,"failureDetails":[],"failureMessages":[],"fullName":"formFingerprint() produces the same fingerprint regardless of field order","invocations":1,"location":null,"numPassingAsserts":1,"retryReasons":[],"status":"passed","title":"produces the same fingerprint regardless of field order"},{"ancestorTitles":["formFingerprint()"],"duration":0,"failureDetails":[],"failureMessages":[],"fullName":"formFingerprint() produces different fingerprints for different field sets","invocations":1,"location":null,"numPassingAsserts":1,"retryReasons":[],"status":"passed","title":"produces different fingerprints for different field sets"},{"ancestorTitles":["formFingerprint()"],"duration":0,"failureDetails":[],"failureMessages":[],"fullName":"formFingerprint() uses id when name is empty","invocations":1,"location":null,"numPassingAsserts":1,"retryReasons":[],"status":"passed","title":"uses id when name is empty"},{"ancestorTitles":["formFingerprint()"],"duration":0,"failureDetails":[],"failureMessages":[],"fullName":"formFingerprint() returns empty string for empty array","invocations":1,"location":null,"numPassingAsserts":1,"retryReasons":[],"status":"passed","title":"returns empty string for empty array"},{"ancestorTitles":["formFingerprint()"],"duration":1,"failureDetails":[],"failureMessages":[],"fullName":"formFingerprint() detects when a field type changes (same name, different htmlType)","invocations":1,"location":null,"numPassingAsserts":1,"retryReasons":[],"status":"passed","title":"detects when a field type changes (same name, different htmlType)"},{"ancestorTitles":["Chaining settings defaults"],"duration":0,"failureDetails":[],"failureMessages":[],"fullName":"Chaining settings defaults chainingEnabled defaults to false","invocations":1,"location":null,"numPassingAsserts":1,"retryReasons":[],"status":"passed","title":"chainingEnabled defaults to false"},{"ancestorTitles":["Chaining settings defaults"],"duration":0,"failureDetails":[],"failureMessages":[],"fullName":"Chaining settings defaults chainingTimeoutMs defaults to 600000 (10 minutes)","invocations":1,"location":null,"numPassingAsserts":1,"retryReasons":[],"status":"passed","title":"chainingTimeoutMs defaults to 600000 (10 minutes)"},{"ancestorTitles":["Chaining settings defaults"],"duration":1,"failureDetails":[],"failureMessages":[],"fullName":"Chaining settings defaults maxChainSteps defaults to 10","invocations":1,"location":null,"numPassingAsserts":1,"retryReasons":[],"status":"passed","title":"maxChainSteps defaults to 10"},{"ancestorTitles":["Chaining settings defaults"],"duration":0,"failureDetails":[],"failureMessages":[],"fullName":"Chaining settings defaults chainingDelayMs defaults to 500","invocations":1,"location":null,"numPassingAsserts":1,"retryReasons":[],"status":"passed","title":"chainingDelayMs defaults to 500"},{"ancestorTitles":["Chaining settings defaults"],"duration":0,"failureDetails":[],"failureMessages":[],"fullName":"Chaining settings defaults autoSubmitOnChaining defaults to false","invocations":1,"location":null,"numPassingAsserts":1,"retryReasons":[],"status":"passed","title":"autoSubmitOnChaining defaults to false"},{"ancestorTitles":["Background chaining state"],"duration":1,"failureDetails":[],"failureMessages":[],"fullName":"Background chaining state enableChaining adds a tab to the map","invocations":1,"location":null,"numPassingAsserts":1,"retryReasons":[],"status":"passed","title":"enableChaining adds a tab to the map"},{"ancestorTitles":["Background chaining state"],"duration":0,"failureDetails":[],"failureMessages":[],"fullName":"Background chaining state disableChaining removes the tab","invocations":1,"location":null,"numPassingAsserts":1,"retryReasons":[],"status":"passed","title":"disableChaining removes the tab"},{"ancestorTitles":["Background chaining state"],"duration":0,"failureDetails":[],"failureMessages":[],"fullName":"Background chaining state enableChaining replaces previous entry for same tab","invocations":1,"location":null,"numPassingAsserts":1,"retryReasons":[],"status":"passed","title":"enableChaining replaces previous entry for same tab"},{"ancestorTitles":["Background chaining state"],"duration":0,"failureDetails":[],"failureMessages":[],"fullName":"Background chaining state incrementChainCount returns true while under limit","invocations":1,"location":null,"numPassingAsserts":3,"retryReasons":[],"status":"passed","title":"incrementChainCount returns true while under limit"},{"ancestorTitles":["Background chaining state"],"duration":0,"failureDetails":[],"failureMessages":[],"fullName":"Background chaining state incrementChainCount returns false if tab not tracked","invocations":1,"location":null,"numPassingAsserts":1,"retryReasons":[],"status":"passed","title":"incrementChainCount returns false if tab not tracked"},{"ancestorTitles":["Background chaining state"],"duration":1,"failureDetails":[],"failureMessages":[],"fullName":"Background chaining state disableChaining is idempotent for unknown tabs","invocations":1,"location":null,"numPassingAsserts":1,"retryReasons":[],"status":"passed","title":"disableChaining is idempotent for unknown tabs"},{"ancestorTitles":["Content chaining state"],"duration":0,"failureDetails":[],"failureMessages":[],"fullName":"Content chaining state should not trigger chain fill when chaining is inactive","invocations":1,"location":null,"numPassingAsserts":1,"retryReasons":[],"status":"passed","title":"should not trigger chain fill when chaining is inactive"},{"ancestorTitles":["Content chaining state"],"duration":1,"failureDetails":[],"failureMessages":[],"fullName":"Content chaining state should trigger chain fill when chaining is active and fingerprint changes","invocations":1,"location":null,"numPassingAsserts":1,"retryReasons":[],"status":"passed","title":"should trigger chain fill when chaining is active and fingerprint changes"},{"ancestorTitles":["Content chaining state"],"duration":0,"failureDetails":[],"failureMessages":[],"fullName":"Content chaining state should NOT re-trigger for same form fingerprint","invocations":1,"location":null,"numPassingAsserts":1,"retryReasons":[],"status":"passed","title":"should NOT re-trigger for same form fingerprint"},{"ancestorTitles":["Content chaining state"],"duration":0,"failureDetails":[],"failureMessages":[],"fullName":"Content chaining state should detect wizard step change (same form element, different fields)","invocations":1,"location":null,"numPassingAsserts":2,"retryReasons":[],"status":"passed","title":"should detect wizard step change (same form element, different fields)"},{"ancestorTitles":["Content chaining state"],"duration":0,"failureDetails":[],"failureMessages":[],"fullName":"Content chaining state updates lastFilledFingerprint after fill to prevent re-trigger","invocations":1,"location":null,"numPassingAsserts":1,"retryReasons":[],"status":"passed","title":"updates lastFilledFingerprint after fill to prevent re-trigger"},{"ancestorTitles":["MessageAction chaining types"],"duration":0,"failureDetails":[],"failureMessages":[],"fullName":"MessageAction chaining types ENABLE_CHAINING is a valid message action","invocations":1,"location":null,"numPassingAsserts":1,"retryReasons":[],"status":"passed","title":"ENABLE_CHAINING is a valid message action"},{"ancestorTitles":["MessageAction chaining types"],"duration":0,"failureDetails":[],"failureMessages":[],"fullName":"MessageAction chaining types DISABLE_CHAINING is a valid message action","invocations":1,"location":null,"numPassingAsserts":1,"retryReasons":[],"status":"passed","title":"DISABLE_CHAINING is a valid message action"},{"ancestorTitles":["MessageAction chaining types"],"duration":1,"failureDetails":[],"failureMessages":[],"fullName":"MessageAction chaining types CHAIN_FILL_REQUEST is a valid message action","invocations":1,"location":null,"numPassingAsserts":1,"retryReasons":[],"status":"passed","title":"CHAIN_FILL_REQUEST is a valid message action"},{"ancestorTitles":["MessageAction chaining types"],"duration":0,"failureDetails":[],"failureMessages":[],"fullName":"MessageAction chaining types START_CHAINING is a valid message action","invocations":1,"location":null,"numPassingAsserts":1,"retryReasons":[],"status":"passed","title":"START_CHAINING is a valid message action"},{"ancestorTitles":["MessageAction chaining types"],"duration":0,"failureDetails":[],"failureMessages":[],"fullName":"MessageAction chaining types GET_CHAIN_LOG is a valid message action","invocations":1,"location":null,"numPassingAsserts":1,"retryReasons":[],"status":"passed","title":"GET_CHAIN_LOG is a valid message action"},{"ancestorTitles":["MessageAction chaining types"],"duration":0,"failureDetails":[],"failureMessages":[],"fullName":"MessageAction chaining types AUTO_SUBMIT is a valid message action","invocations":1,"location":null,"numPassingAsserts":1,"retryReasons":[],"status":"passed","title":"AUTO_SUBMIT is a valid message action"},{"ancestorTitles":["Chain log"],"duration":0,"failureDetails":[],"failureMessages":[],"fullName":"Chain log adds entries for a tab","invocations":1,"location":null,"numPassingAsserts":3,"retryReasons":[],"status":"passed","title":"adds entries for a tab"},{"ancestorTitles":["Chain log"],"duration":0,"failureDetails":[],"failureMessages":[],"fullName":"Chain log keeps only last 50 entries","invocations":1,"location":null,"numPassingAsserts":1,"retryReasons":[],"status":"passed","title":"keeps only last 50 entries"},{"ancestorTitles":["Chain log"],"duration":0,"failureDetails":[],"failureMessages":[],"fullName":"Chain log separate logs per tab","invocations":1,"location":null,"numPassingAsserts":2,"retryReasons":[],"status":"passed","title":"separate logs per tab"},{"ancestorTitles":["Auto-submit button detection"],"duration":5,"failureDetails":[],"failureMessages":[],"fullName":"Auto-submit button detection clicks a submit button inside a form","invocations":1,"location":null,"numPassingAsserts":2,"retryReasons":[],"status":"passed","title":"clicks a submit button inside a form"},{"ancestorTitles":["Auto-submit button detection"],"duration":1,"failureDetails":[],"failureMessages":[],"fullName":"Auto-submit button detection finds a Next button by text content","invocations":1,"location":null,"numPassingAsserts":2,"retryReasons":[],"status":"passed","title":"finds a Next button by text content"},{"ancestorTitles":["Auto-submit button detection"],"duration":1,"failureDetails":[],"failureMessages":[],"fullName":"Auto-submit button detection does not match arbitrary button text","invocations":1,"location":null,"numPassingAsserts":1,"retryReasons":[],"status":"passed","title":"does not match arbitrary button text"}],"endTime":1774854978298,"message":"","name":"E:\\fake-filler\\tests\\unit\\chaining.test.ts","startTime":1774854978243,"status":"passed","summary":""},{"assertionResults":[{"ancestorTitles":["FormDetectionEngine"],"duration":6,"failureDetails":[],"failureMessages":[],"fullName":"FormDetectionEngine detects a simple login form and classifies it as login","invocations":1,"location":null,"numPassingAsserts":4,"retryReasons":[],"status":"passed","title":"detects a simple login form and classifies it as login"},{"ancestorTitles":["FormDetectionEngine"],"duration":2,"failureDetails":[],"failureMessages":[],"fullName":"FormDetectionEngine detects implicit forms (container without <form>)","invocations":1,"location":null,"numPassingAsserts":1,"retryReasons":[],"status":"passed","title":"detects implicit forms (container without <form>)"},{"ancestorTitles":["FormDetectionEngine"],"duration":1,"failureDetails":[],"failureMessages":[],"fullName":"FormDetectionEngine detects standalone search input outside a form","invocations":1,"location":null,"numPassingAsserts":1,"retryReasons":[],"status":"passed","title":"detects standalone search input outside a form"},{"ancestorTitles":["FormDetectionEngine"],"duration":2,"failureDetails":[],"failureMessages":[],"fullName":"FormDetectionEngine extracts options from custom dropdown-like elements","invocations":1,"location":null,"numPassingAsserts":1,"retryReasons":[],"status":"passed","title":"extracts options from custom dropdown-like elements"}],"endTime":1774854978353,"message":"","name":"E:\\fake-filler\\tests\\unit\\form-detection.test.ts","startTime":1774854978310,"status":"passed","summary":""},{"assertionResults":[{"ancestorTitles":["Hotkey utilities"],"duration":1,"failureDetails":[],"failureMessages":[],"fullName":"Hotkey utilities canonicalizes common variants","invocations":1,"location":null,"numPassingAsserts":5,"retryReasons":[],"status":"passed","title":"canonicalizes common variants"},{"ancestorTitles":["Hotkey utilities"],"duration":1,"failureDetails":[],"failureMessages":[],"fullName":"Hotkey utilities parses canonical hotkey into flags","invocations":1,"location":null,"numPassingAsserts":5,"retryReasons":[],"status":"passed","title":"parses canonical hotkey into flags"}],"endTime":1774854978395,"message":"","name":"E:\\fake-filler\\tests\\unit\\hotkey.test.ts","startTime":1774854978360,"status":"passed","summary":""}],"wasInterrupted":false}
