{"numFailedTestSuites":1,"numFailedTests":1,"numPassedTestSuites":12,"numPassedTests":317,"numPendingTestSuites":0,"numPendingTests":0,"numRuntimeErrorTestSuites":0,"numTodoTests":0,"numTotalTestSuites":13,"numTotalTests":318,"openHandles":[],"snapshot":{"added":0,"didUpdate":false,"failure":false,"filesAdded":0,"filesRemoved":0,"filesRemovedList":[],"filesUnmatched":0,"filesUpdated":0,"matched":0,"total":0,"unchecked":0,"uncheckedKeysByFile":[],"unmatched":0,"updated":0},"startTime":1774978560662,"success":false,"testResults":[{"assertionResults":[{"ancestorTitles":["Hotkey integration"],"duration":1620,"failureDetails":[{"matcherResult":{"message":"\u001b[2mexpect(\u001b[22m\u001b[31mreceived\u001b[39m\u001b[2m).\u001b[22mtoMatch\u001b[2m(\u001b[22m\u001b[32mexpected\u001b[39m\u001b[2m)\u001b[22m\n\nExpected pattern: \u001b[32m/^[^\\s@]+@[^\\s@]+\\.[^\\s@]+$/\u001b[39m\nReceived string:  \u001b[31m\"\"\u001b[39m","pass":false}}],"failureMessages":["Error: \u001b[2mexpect(\u001b[22m\u001b[31mreceived\u001b[39m\u001b[2m).\u001b[22mtoMatch\u001b[2m(\u001b[22m\u001b[32mexpected\u001b[39m\u001b[2m)\u001b[22m\n\nExpected pattern: \u001b[32m/^[^\\s@]+@[^\\s@]+\\.[^\\s@]+$/\u001b[39m\nReceived string:  \u001b[31m\"\"\u001b[39m\n    at Object.<anonymous> (E:\\fake-filler\\tests\\unit\\hotkey.integration.test.ts:52:26)"],"fullName":"Hotkey integration triggers a fill when the configured hotkey is pressed","invocations":1,"location":null,"numPassingAsserts":1,"retryReasons":[],"status":"failed","title":"triggers a fill when the configured hotkey is pressed"}],"endTime":1774978563821,"message":"\u001b[1m\u001b[31m  \u001b[1m● \u001b[22m\u001b[1mHotkey integration › triggers a fill when the configured hotkey is pressed\u001b[39m\u001b[22m\n\n    \u001b[2mexpect(\u001b[22m\u001b[31mreceived\u001b[39m\u001b[2m).\u001b[22mtoMatch\u001b[2m(\u001b[22m\u001b[32mexpected\u001b[39m\u001b[2m)\u001b[22m\n\n    Expected pattern: \u001b[32m/^[^\\s@]+@[^\\s@]+\\.[^\\s@]+$/\u001b[39m\n    Received string:  \u001b[31m\"\"\u001b[39m\n\u001b[2m\u001b[22m\n\u001b[2m    \u001b[0m \u001b[90m 50 |\u001b[39m     \u001b[36mconst\u001b[39m email \u001b[33m=\u001b[39m document\u001b[33m.\u001b[39mquerySelector\u001b[33m<\u001b[39m\u001b[33mHTMLInputElement\u001b[39m\u001b[33m>\u001b[39m(\u001b[32m'input[name=\"email\"]'\u001b[39m)\u001b[33m;\u001b[39m\u001b[22m\n\u001b[2m     \u001b[90m 51 |\u001b[39m     expect(email)\u001b[33m.\u001b[39mnot\u001b[33m.\u001b[39mtoBeNull()\u001b[33m;\u001b[39m\u001b[22m\n\u001b[2m    \u001b[31m\u001b[1m>\u001b[22m\u001b[2m\u001b[39m\u001b[90m 52 |\u001b[39m     expect(email\u001b[33m!\u001b[39m\u001b[33m.\u001b[39mvalue)\u001b[33m.\u001b[39mtoMatch(\u001b[35m/^[^\\s@]+@[^\\s@]+\\.[^\\s@]+$/\u001b[39m)\u001b[33m;\u001b[39m\u001b[22m\n\u001b[2m     \u001b[90m    |\u001b[39m                          \u001b[31m\u001b[1m^\u001b[22m\u001b[2m\u001b[39m\u001b[22m\n\u001b[2m     \u001b[90m 53 |\u001b[39m   }\u001b[33m,\u001b[39m \u001b[35m15000\u001b[39m)\u001b[33m;\u001b[39m\u001b[22m\n\u001b[2m     \u001b[90m 54 |\u001b[39m })\u001b[33m;\u001b[39m\u001b[22m\n\u001b[2m     \u001b[90m 55 |\u001b[39m\u001b[0m\u001b[22m\n\u001b[2m\u001b[22m\n\u001b[2m      \u001b[2mat Object.<anonymous> (\u001b[22m\u001b[2m\u001b[0m\u001b[36mtests/unit/hotkey.integration.test.ts\u001b[39m\u001b[0m\u001b[2m:52:26)\u001b[22m\u001b[2m\u001b[22m\n","name":"E:\\fake-filler\\tests\\unit\\hotkey.integration.test.ts","startTime":1774978561074,"status":"failed","summary":""},{"assertionResults":[{"ancestorTitles":["All inputs integration"],"duration":2134,"failureDetails":[],"failureMessages":[],"fullName":"All inputs integration detects and fills a complex form with zero remaining errors","invocations":1,"location":null,"numPassingAsserts":3,"retryReasons":[],"status":"passed","title":"detects and fills a complex form with zero remaining errors"},{"ancestorTitles":["All inputs integration"],"duration":1988,"failureDetails":[],"failureMessages":[],"fullName":"All inputs integration fills account & profile fields correctly","invocations":1,"location":null,"numPassingAsserts":7,"retryReasons":[],"status":"passed","title":"fills account & profile fields correctly"},{"ancestorTitles":["All inputs integration"],"duration":2035,"failureDetails":[],"failureMessages":[],"fullName":"All inputs integration fills address & location fields correctly","invocations":1,"location":null,"numPassingAsserts":7,"retryReasons":[],"status":"passed","title":"fills address & location fields correctly"},{"ancestorTitles":["All inputs integration"],"duration":2019,"failureDetails":[],"failureMessages":[],"fullName":"All inputs integration fills professional fields correctly","invocations":1,"location":null,"numPassingAsserts":7,"retryReasons":[],"status":"passed","title":"fills professional fields correctly"},{"ancestorTitles":["All inputs integration"],"duration":2062,"failureDetails":[],"failureMessages":[],"fullName":"All inputs integration fills financial & banking fields correctly","invocations":1,"location":null,"numPassingAsserts":5,"retryReasons":[],"status":"passed","title":"fills financial & banking fields correctly"},{"ancestorTitles":["All inputs integration"],"duration":2019,"failureDetails":[],"failureMessages":[],"fullName":"All inputs integration fills identification document fields correctly","invocations":1,"location":null,"numPassingAsserts":1,"retryReasons":[],"status":"passed","title":"fills identification document fields correctly"},{"ancestorTitles":["All inputs integration"],"duration":1997,"failureDetails":[],"failureMessages":[],"fullName":"All inputs integration handles legal checkboxes — required checked, optional also filled","invocations":1,"location":null,"numPassingAsserts":7,"retryReasons":[],"status":"passed","title":"handles legal checkboxes — required checked, optional also filled"},{"ancestorTitles":["All inputs integration"],"duration":2041,"failureDetails":[],"failureMessages":[],"fullName":"All inputs integration fills all required selects with non-empty values","invocations":1,"location":null,"numPassingAsserts":21,"retryReasons":[],"status":"passed","title":"fills all required selects with non-empty values"},{"ancestorTitles":["All inputs integration"],"duration":2009,"failureDetails":[],"failureMessages":[],"fullName":"All inputs integration fills numeric fields within their min/max ranges","invocations":1,"location":null,"numPassingAsserts":10,"retryReasons":[],"status":"passed","title":"fills numeric fields within their min/max ranges"},{"ancestorTitles":["All inputs integration"],"duration":2046,"failureDetails":[],"failureMessages":[],"fullName":"All inputs integration fills banking fields with correct patterns","invocations":1,"location":null,"numPassingAsserts":5,"retryReasons":[],"status":"passed","title":"fills banking fields with correct patterns"},{"ancestorTitles":["All inputs integration"],"duration":2052,"failureDetails":[],"failureMessages":[],"fullName":"All inputs integration fills identification document fields correctly","invocations":1,"location":null,"numPassingAsserts":8,"retryReasons":[],"status":"passed","title":"fills identification document fields correctly"},{"ancestorTitles":["All inputs integration"],"duration":1202,"failureDetails":[],"failureMessages":[],"fullName":"All inputs integration fills time, datetime-local, month, and week inputs","invocations":1,"location":null,"numPassingAsserts":4,"retryReasons":[],"status":"passed","title":"fills time, datetime-local, month, and week inputs"},{"ancestorTitles":["All inputs integration"],"duration":2059,"failureDetails":[],"failureMessages":[],"fullName":"All inputs integration generates future dates for interview and start fields","invocations":1,"location":null,"numPassingAsserts":2,"retryReasons":[],"status":"passed","title":"generates future dates for interview and start fields"},{"ancestorTitles":["All inputs integration"],"duration":2047,"failureDetails":[],"failureMessages":[],"fullName":"All inputs integration generates step-aligned numeric values","invocations":1,"location":null,"numPassingAsserts":3,"retryReasons":[],"status":"passed","title":"generates step-aligned numeric values"},{"ancestorTitles":["All inputs integration"],"duration":2027,"failureDetails":[],"failureMessages":[],"fullName":"All inputs integration generates numeric-only postal/zip codes","invocations":1,"location":null,"numPassingAsserts":1,"retryReasons":[],"status":"passed","title":"generates numeric-only postal/zip codes"},{"ancestorTitles":["All inputs integration"],"duration":1759,"failureDetails":[],"failureMessages":[],"fullName":"All inputs integration recovery does not overwrite valid fields","invocations":1,"location":null,"numPassingAsserts":4,"retryReasons":[],"status":"passed","title":"recovery does not overwrite valid fields"},{"ancestorTitles":["All inputs integration"],"duration":2036,"failureDetails":[],"failureMessages":[],"fullName":"All inputs integration fills non-required fields (alt email, alt phone, website, optional selects, etc.)","invocations":1,"location":null,"numPassingAsserts":10,"retryReasons":[],"status":"passed","title":"fills non-required fields (alt email, alt phone, website, optional selects, etc.)"}],"endTime":1774978597463,"message":"","name":"E:\\fake-filler\\tests\\unit\\all-inputs.integration.test.ts","startTime":1774978563836,"status":"passed","summary":""},{"assertionResults":[{"ancestorTitles":["classifyError covers all ErrorType values"],"duration":1,"failureDetails":[],"failureMessages":[],"fullName":"classifyError covers all ErrorType values \"The email has already been taken.\" → exists","invocations":1,"location":null,"numPassingAsserts":1,"retryReasons":[],"status":"passed","title":"\"The email has already been taken.\" → exists"},{"ancestorTitles":["classifyError covers all ErrorType values"],"duration":0,"failureDetails":[],"failureMessages":[],"fullName":"classifyError covers all ErrorType values \"This username is not available\" → exists","invocations":1,"location":null,"numPassingAsserts":1,"retryReasons":[],"status":"passed","title":"\"This username is not available\" → exists"},{"ancestorTitles":["classifyError covers all ErrorType values"],"duration":0,"failureDetails":[],"failureMessages":[],"fullName":"classifyError covers all ErrorType values \"A user with that email already exists\" → exists","invocations":1,"location":null,"numPassingAsserts":1,"retryReasons":[],"status":"passed","title":"\"A user with that email already exists\" → exists"},{"ancestorTitles":["classifyError covers all ErrorType values"],"duration":0,"failureDetails":[],"failureMessages":[],"fullName":"classifyError covers all ErrorType values \"Try a different username\" → exists","invocations":1,"location":null,"numPassingAsserts":1,"retryReasons":[],"status":"passed","title":"\"Try a different username\" → exists"},{"ancestorTitles":["classifyError covers all ErrorType values"],"duration":1,"failureDetails":[],"failureMessages":[],"fullName":"classifyError covers all ErrorType values \"That name is already in use\" → exists","invocations":1,"location":null,"numPassingAsserts":1,"retryReasons":[],"status":"passed","title":"\"That name is already in use\" → exists"},{"ancestorTitles":["classifyError covers all ErrorType values"],"duration":2,"failureDetails":[],"failureMessages":[],"fullName":"classifyError covers all ErrorType values \"This field is required.\" → required","invocations":1,"location":null,"numPassingAsserts":1,"retryReasons":[],"status":"passed","title":"\"This field is required.\" → required"},{"ancestorTitles":["classifyError covers all ErrorType values"],"duration":2,"failureDetails":[],"failureMessages":[],"fullName":"classifyError covers all ErrorType values \"Please enter your name\" → required","invocations":1,"location":null,"numPassingAsserts":1,"retryReasons":[],"status":"passed","title":"\"Please enter your name\" → required"},{"ancestorTitles":["classifyError covers all ErrorType values"],"duration":0,"failureDetails":[],"failureMessages":[],"fullName":"classifyError covers all ErrorType values \"can't be blank\" → required","invocations":1,"location":null,"numPassingAsserts":1,"retryReasons":[],"status":"passed","title":"\"can't be blank\" → required"},{"ancestorTitles":["classifyError covers all ErrorType values"],"duration":0,"failureDetails":[],"failureMessages":[],"fullName":"classifyError covers all ErrorType values \"must fill in this field\" → required","invocations":1,"location":null,"numPassingAsserts":1,"retryReasons":[],"status":"passed","title":"\"must fill in this field\" → required"},{"ancestorTitles":["classifyError covers all ErrorType values"],"duration":0,"failureDetails":[],"failureMessages":[],"fullName":"classifyError covers all ErrorType values \"This field may not be blank\" → required","invocations":1,"location":null,"numPassingAsserts":1,"retryReasons":[],"status":"passed","title":"\"This field may not be blank\" → required"},{"ancestorTitles":["classifyError covers all ErrorType values"],"duration":0,"failureDetails":[],"failureMessages":[],"fullName":"classifyError covers all ErrorType values \"A value is required\" → required","invocations":1,"location":null,"numPassingAsserts":1,"retryReasons":[],"status":"passed","title":"\"A value is required\" → required"},{"ancestorTitles":["classifyError covers all ErrorType values"],"duration":0,"failureDetails":[],"failureMessages":[],"fullName":"classifyError covers all ErrorType values \"Must be at least 8 characters\" → length","invocations":1,"location":null,"numPassingAsserts":1,"retryReasons":[],"status":"passed","title":"\"Must be at least 8 characters\" → length"},{"ancestorTitles":["classifyError covers all ErrorType values"],"duration":0,"failureDetails":[],"failureMessages":[],"fullName":"classifyError covers all ErrorType values \"Maximum 255 characters allowed\" → length","invocations":1,"location":null,"numPassingAsserts":1,"retryReasons":[],"status":"passed","title":"\"Maximum 255 characters allowed\" → length"},{"ancestorTitles":["classifyError covers all ErrorType values"],"duration":0,"failureDetails":[],"failureMessages":[],"fullName":"classifyError covers all ErrorType values \"Must be between 3 and 50 characters\" → length","invocations":1,"location":null,"numPassingAsserts":1,"retryReasons":[],"status":"passed","title":"\"Must be between 3 and 50 characters\" → length"},{"ancestorTitles":["classifyError covers all ErrorType values"],"duration":0,"failureDetails":[],"failureMessages":[],"fullName":"classifyError covers all ErrorType values \"Too short (minimum 6 characters)\" → length","invocations":1,"location":null,"numPassingAsserts":1,"retryReasons":[],"status":"passed","title":"\"Too short (minimum 6 characters)\" → length"},{"ancestorTitles":["classifyError covers all ErrorType values"],"duration":1,"failureDetails":[],"failureMessages":[],"fullName":"classifyError covers all ErrorType values \"Value is too long\" → length","invocations":1,"location":null,"numPassingAsserts":1,"retryReasons":[],"status":"passed","title":"\"Value is too long\" → length"},{"ancestorTitles":["classifyError covers all ErrorType values"],"duration":0,"failureDetails":[],"failureMessages":[],"fullName":"classifyError covers all ErrorType values \"Password must contain at least one uppercase letter\" → password","invocations":1,"location":null,"numPassingAsserts":1,"retryReasons":[],"status":"passed","title":"\"Password must contain at least one uppercase letter\" → password"},{"ancestorTitles":["classifyError covers all ErrorType values"],"duration":1,"failureDetails":[],"failureMessages":[],"fullName":"classifyError covers all ErrorType values \"Must include a special character\" → password","invocations":1,"location":null,"numPassingAsserts":1,"retryReasons":[],"status":"passed","title":"\"Must include a special character\" → password"},{"ancestorTitles":["classifyError covers all ErrorType values"],"duration":0,"failureDetails":[],"failureMessages":[],"fullName":"classifyError covers all ErrorType values \"Password too weak\" → password","invocations":1,"location":null,"numPassingAsserts":1,"retryReasons":[],"status":"passed","title":"\"Password too weak\" → password"},{"ancestorTitles":["classifyError covers all ErrorType values"],"duration":0,"failureDetails":[],"failureMessages":[],"fullName":"classifyError covers all ErrorType values \"Must contain a digit\" → password","invocations":1,"location":null,"numPassingAsserts":1,"retryReasons":[],"status":"passed","title":"\"Must contain a digit\" → password"},{"ancestorTitles":["classifyError covers all ErrorType values"],"duration":0,"failureDetails":[],"failureMessages":[],"fullName":"classifyError covers all ErrorType values \"Enter a valid email address\" → email","invocations":1,"location":null,"numPassingAsserts":1,"retryReasons":[],"status":"passed","title":"\"Enter a valid email address\" → email"},{"ancestorTitles":["classifyError covers all ErrorType values"],"duration":0,"failureDetails":[],"failureMessages":[],"fullName":"classifyError covers all ErrorType values \"Invalid email format\" → email","invocations":1,"location":null,"numPassingAsserts":1,"retryReasons":[],"status":"passed","title":"\"Invalid email format\" → email"},{"ancestorTitles":["classifyError covers all ErrorType values"],"duration":0,"failureDetails":[],"failureMessages":[],"fullName":"classifyError covers all ErrorType values \"The email address is not valid\" → email","invocations":1,"location":null,"numPassingAsserts":1,"retryReasons":[],"status":"passed","title":"\"The email address is not valid\" → email"},{"ancestorTitles":["classifyError covers all ErrorType values"],"duration":1,"failureDetails":[],"failureMessages":[],"fullName":"classifyError covers all ErrorType values \"not a valid email\" → email","invocations":1,"location":null,"numPassingAsserts":1,"retryReasons":[],"status":"passed","title":"\"not a valid email\" → email"},{"ancestorTitles":["classifyError covers all ErrorType values"],"duration":0,"failureDetails":[],"failureMessages":[],"fullName":"classifyError covers all ErrorType values \"Please enter a valid phone number\" → phone","invocations":1,"location":null,"numPassingAsserts":1,"retryReasons":[],"status":"passed","title":"\"Please enter a valid phone number\" → phone"},{"ancestorTitles":["classifyError covers all ErrorType values"],"duration":0,"failureDetails":[],"failureMessages":[],"fullName":"classifyError covers all ErrorType values \"Invalid phone format\" → phone","invocations":1,"location":null,"numPassingAsserts":1,"retryReasons":[],"status":"passed","title":"\"Invalid phone format\" → phone"},{"ancestorTitles":["classifyError covers all ErrorType values"],"duration":1,"failureDetails":[],"failureMessages":[],"fullName":"classifyError covers all ErrorType values \"Not a valid telephone number\" → phone","invocations":1,"location":null,"numPassingAsserts":1,"retryReasons":[],"status":"passed","title":"\"Not a valid telephone number\" → phone"},{"ancestorTitles":["classifyError covers all ErrorType values"],"duration":0,"failureDetails":[],"failureMessages":[],"fullName":"classifyError covers all ErrorType values \"Please enter a valid date\" → date","invocations":1,"location":null,"numPassingAsserts":1,"retryReasons":[],"status":"passed","title":"\"Please enter a valid date\" → date"},{"ancestorTitles":["classifyError covers all ErrorType values"],"duration":0,"failureDetails":[],"failureMessages":[],"fullName":"classifyError covers all ErrorType values \"Invalid date format\" → date","invocations":1,"location":null,"numPassingAsserts":1,"retryReasons":[],"status":"passed","title":"\"Invalid date format\" → date"},{"ancestorTitles":["classifyError covers all ErrorType values"],"duration":0,"failureDetails":[],"failureMessages":[],"fullName":"classifyError covers all ErrorType values \"Date must be in the future\" → date","invocations":1,"location":null,"numPassingAsserts":1,"retryReasons":[],"status":"passed","title":"\"Date must be in the future\" → date"},{"ancestorTitles":["classifyError covers all ErrorType values"],"duration":0,"failureDetails":[],"failureMessages":[],"fullName":"classifyError covers all ErrorType values \"Date cannot be in the past\" → date","invocations":1,"location":null,"numPassingAsserts":1,"retryReasons":[],"status":"passed","title":"\"Date cannot be in the past\" → date"},{"ancestorTitles":["classifyError covers all ErrorType values"],"duration":0,"failureDetails":[],"failureMessages":[],"fullName":"classifyError covers all ErrorType values \"Value does not match the required pattern\" → pattern","invocations":1,"location":null,"numPassingAsserts":1,"retryReasons":[],"status":"passed","title":"\"Value does not match the required pattern\" → pattern"},{"ancestorTitles":["classifyError covers all ErrorType values"],"duration":0,"failureDetails":[],"failureMessages":[],"fullName":"classifyError covers all ErrorType values \"Must match the format: XXXX-XXXX\" → pattern","invocations":1,"location":null,"numPassingAsserts":1,"retryReasons":[],"status":"passed","title":"\"Must match the format: XXXX-XXXX\" → pattern"},{"ancestorTitles":["classifyError covers all ErrorType values"],"duration":0,"failureDetails":[],"failureMessages":[],"fullName":"classifyError covers all ErrorType values \"Invalid format\" → format","invocations":1,"location":null,"numPassingAsserts":1,"retryReasons":[],"status":"passed","title":"\"Invalid format\" → format"},{"ancestorTitles":["classifyError covers all ErrorType values"],"duration":2,"failureDetails":[],"failureMessages":[],"fullName":"classifyError covers all ErrorType values \"Invalid format — expected alphanumeric characters\" → format","invocations":1,"location":null,"numPassingAsserts":1,"retryReasons":[],"status":"passed","title":"\"Invalid format — expected alphanumeric characters\" → format"},{"ancestorTitles":["classifyError covers all ErrorType values"],"duration":1,"failureDetails":[],"failureMessages":[],"fullName":"classifyError covers all ErrorType values \"The value is not valid\" → format","invocations":1,"location":null,"numPassingAsserts":1,"retryReasons":[],"status":"passed","title":"\"The value is not valid\" → format"},{"ancestorTitles":["classifyError covers all ErrorType values"],"duration":0,"failureDetails":[],"failureMessages":[],"fullName":"classifyError covers all ErrorType values \"is not a valid value\" → format","invocations":1,"location":null,"numPassingAsserts":1,"retryReasons":[],"status":"passed","title":"\"is not a valid value\" → format"},{"ancestorTitles":["classifyError covers all ErrorType values"],"duration":0,"failureDetails":[],"failureMessages":[],"fullName":"classifyError covers all ErrorType values \"Must be a number\" → number","invocations":1,"location":null,"numPassingAsserts":1,"retryReasons":[],"status":"passed","title":"\"Must be a number\" → number"},{"ancestorTitles":["classifyError covers all ErrorType values"],"duration":1,"failureDetails":[],"failureMessages":[],"fullName":"classifyError covers all ErrorType values \"Enter a valid number\" → number","invocations":1,"location":null,"numPassingAsserts":1,"retryReasons":[],"status":"passed","title":"\"Enter a valid number\" → number"},{"ancestorTitles":["classifyError covers all ErrorType values"],"duration":0,"failureDetails":[],"failureMessages":[],"fullName":"classifyError covers all ErrorType values \"This field must be numeric\" → number","invocations":1,"location":null,"numPassingAsserts":1,"retryReasons":[],"status":"passed","title":"\"This field must be numeric\" → number"},{"ancestorTitles":["classifyError covers all ErrorType values"],"duration":0,"failureDetails":[],"failureMessages":[],"fullName":"classifyError covers all ErrorType values \"Not a valid number\" → number","invocations":1,"location":null,"numPassingAsserts":1,"retryReasons":[],"status":"passed","title":"\"Not a valid number\" → number"},{"ancestorTitles":["classifyError covers all ErrorType values"],"duration":1,"failureDetails":[],"failureMessages":[],"fullName":"classifyError covers all ErrorType values \"Please enter a valid integer\" → number","invocations":1,"location":null,"numPassingAsserts":1,"retryReasons":[],"status":"passed","title":"\"Please enter a valid integer\" → number"},{"ancestorTitles":["classifyError covers all ErrorType values"],"duration":0,"failureDetails":[],"failureMessages":[],"fullName":"classifyError covers all ErrorType values \"Enter a valid URL\" → url","invocations":1,"location":null,"numPassingAsserts":1,"retryReasons":[],"status":"passed","title":"\"Enter a valid URL\" → url"},{"ancestorTitles":["classifyError covers all ErrorType values"],"duration":0,"failureDetails":[],"failureMessages":[],"fullName":"classifyError covers all ErrorType values \"Not a valid URL\" → url","invocations":1,"location":null,"numPassingAsserts":1,"retryReasons":[],"status":"passed","title":"\"Not a valid URL\" → url"},{"ancestorTitles":["classifyError covers all ErrorType values"],"duration":0,"failureDetails":[],"failureMessages":[],"fullName":"classifyError covers all ErrorType values \"Invalid website address\" → url","invocations":1,"location":null,"numPassingAsserts":1,"retryReasons":[],"status":"passed","title":"\"Invalid website address\" → url"},{"ancestorTitles":["classifyError covers all ErrorType values"],"duration":0,"failureDetails":[],"failureMessages":[],"fullName":"classifyError covers all ErrorType values \"Invalid username\" → username","invocations":1,"location":null,"numPassingAsserts":1,"retryReasons":[],"status":"passed","title":"\"Invalid username\" → username"},{"ancestorTitles":["classifyError covers all ErrorType values"],"duration":0,"failureDetails":[],"failureMessages":[],"fullName":"classifyError covers all ErrorType values \"Invalid card number\" → creditCard","invocations":1,"location":null,"numPassingAsserts":1,"retryReasons":[],"status":"passed","title":"\"Invalid card number\" → creditCard"},{"ancestorTitles":["classifyError covers all ErrorType values"],"duration":0,"failureDetails":[],"failureMessages":[],"fullName":"classifyError covers all ErrorType values \"Not a valid credit card\" → creditCard","invocations":1,"location":null,"numPassingAsserts":1,"retryReasons":[],"status":"passed","title":"\"Not a valid credit card\" → creditCard"},{"ancestorTitles":["classifyError covers all ErrorType values"],"duration":0,"failureDetails":[],"failureMessages":[],"fullName":"classifyError covers all ErrorType values \"Card number is invalid\" → creditCard","invocations":1,"location":null,"numPassingAsserts":1,"retryReasons":[],"status":"passed","title":"\"Card number is invalid\" → creditCard"},{"ancestorTitles":["classifyError covers all ErrorType values"],"duration":0,"failureDetails":[],"failureMessages":[],"fullName":"classifyError covers all ErrorType values \"Must be alphanumeric\" → alphanumeric","invocations":1,"location":null,"numPassingAsserts":1,"retryReasons":[],"status":"passed","title":"\"Must be alphanumeric\" → alphanumeric"},{"ancestorTitles":["classifyError covers all ErrorType values"],"duration":0,"failureDetails":[],"failureMessages":[],"fullName":"classifyError covers all ErrorType values \"Only alphanumeric characters allowed\" → alphanumeric","invocations":1,"location":null,"numPassingAsserts":1,"retryReasons":[],"status":"passed","title":"\"Only alphanumeric characters allowed\" → alphanumeric"},{"ancestorTitles":["classifyError covers all ErrorType values"],"duration":0,"failureDetails":[],"failureMessages":[],"fullName":"classifyError covers all ErrorType values \"Must only contain letters and numbers\" → alphanumeric","invocations":1,"location":null,"numPassingAsserts":1,"retryReasons":[],"status":"passed","title":"\"Must only contain letters and numbers\" → alphanumeric"},{"ancestorTitles":["classifyError covers all ErrorType values"],"duration":0,"failureDetails":[],"failureMessages":[],"fullName":"classifyError covers all ErrorType values \"The plan code must only contain letters and numbers.\" → alphanumeric","invocations":1,"location":null,"numPassingAsserts":1,"retryReasons":[],"status":"passed","title":"\"The plan code must only contain letters and numbers.\" → alphanumeric"},{"ancestorTitles":["classifyError covers all ErrorType values"],"duration":0,"failureDetails":[],"failureMessages":[],"fullName":"classifyError covers all ErrorType values \"Username can only contain letters and numbers\" → alphanumeric","invocations":1,"location":null,"numPassingAsserts":1,"retryReasons":[],"status":"passed","title":"\"Username can only contain letters and numbers\" → alphanumeric"},{"ancestorTitles":["classifyError covers all ErrorType values"],"duration":0,"failureDetails":[],"failureMessages":[],"fullName":"classifyError covers all ErrorType values \"Only letters are allowed\" → lettersOnly","invocations":1,"location":null,"numPassingAsserts":1,"retryReasons":[],"status":"passed","title":"\"Only letters are allowed\" → lettersOnly"},{"ancestorTitles":["classifyError covers all ErrorType values"],"duration":1,"failureDetails":[],"failureMessages":[],"fullName":"classifyError covers all ErrorType values \"Must contain only letters\" → lettersOnly","invocations":1,"location":null,"numPassingAsserts":1,"retryReasons":[],"status":"passed","title":"\"Must contain only letters\" → lettersOnly"},{"ancestorTitles":["classifyError covers all ErrorType values"],"duration":0,"failureDetails":[],"failureMessages":[],"fullName":"classifyError covers all ErrorType values \"Alphabetic characters only\" → lettersOnly","invocations":1,"location":null,"numPassingAsserts":1,"retryReasons":[],"status":"passed","title":"\"Alphabetic characters only\" → lettersOnly"},{"ancestorTitles":["classifyError covers all ErrorType values"],"duration":0,"failureDetails":[],"failureMessages":[],"fullName":"classifyError covers all ErrorType values \"Name can only contain letters\" → lettersOnly","invocations":1,"location":null,"numPassingAsserts":1,"retryReasons":[],"status":"passed","title":"\"Name can only contain letters\" → lettersOnly"},{"ancestorTitles":["classifyError covers all ErrorType values"],"duration":0,"failureDetails":[],"failureMessages":[],"fullName":"classifyError covers all ErrorType values \"Must contain only digits\" → digitsOnly","invocations":1,"location":null,"numPassingAsserts":1,"retryReasons":[],"status":"passed","title":"\"Must contain only digits\" → digitsOnly"},{"ancestorTitles":["classifyError covers all ErrorType values"],"duration":0,"failureDetails":[],"failureMessages":[],"fullName":"classifyError covers all ErrorType values \"Digits only please\" → digitsOnly","invocations":1,"location":null,"numPassingAsserts":1,"retryReasons":[],"status":"passed","title":"\"Digits only please\" → digitsOnly"},{"ancestorTitles":["classifyError covers all ErrorType values"],"duration":0,"failureDetails":[],"failureMessages":[],"fullName":"classifyError covers all ErrorType values \"Only numbers are allowed\" → digitsOnly","invocations":1,"location":null,"numPassingAsserts":1,"retryReasons":[],"status":"passed","title":"\"Only numbers are allowed\" → digitsOnly"},{"ancestorTitles":["classifyError covers all ErrorType values"],"duration":1,"failureDetails":[],"failureMessages":[],"fullName":"classifyError covers all ErrorType values \"Spaces are not allowed\" → noSpaces","invocations":1,"location":null,"numPassingAsserts":1,"retryReasons":[],"status":"passed","title":"\"Spaces are not allowed\" → noSpaces"},{"ancestorTitles":["classifyError covers all ErrorType values"],"duration":0,"failureDetails":[],"failureMessages":[],"fullName":"classifyError covers all ErrorType values \"Cannot contain spaces\" → noSpaces","invocations":1,"location":null,"numPassingAsserts":1,"retryReasons":[],"status":"passed","title":"\"Cannot contain spaces\" → noSpaces"},{"ancestorTitles":["classifyError covers all ErrorType values"],"duration":0,"failureDetails":[],"failureMessages":[],"fullName":"classifyError covers all ErrorType values \"No whitespace allowed\" → noSpaces","invocations":1,"location":null,"numPassingAsserts":1,"retryReasons":[],"status":"passed","title":"\"No whitespace allowed\" → noSpaces"},{"ancestorTitles":["classifyError covers all ErrorType values"],"duration":0,"failureDetails":[],"failureMessages":[],"fullName":"classifyError covers all ErrorType values \"First name is not valid\" → name","invocations":1,"location":null,"numPassingAsserts":1,"retryReasons":[],"status":"passed","title":"\"First name is not valid\" → name"},{"ancestorTitles":["classifyError covers all ErrorType values"],"duration":0,"failureDetails":[],"failureMessages":[],"fullName":"classifyError covers all ErrorType values \"Last name is not valid\" → name","invocations":1,"location":null,"numPassingAsserts":1,"retryReasons":[],"status":"passed","title":"\"Last name is not valid\" → name"},{"ancestorTitles":["classifyError covers all ErrorType values"],"duration":1,"failureDetails":[],"failureMessages":[],"fullName":"classifyError covers all ErrorType values \"Must be at least 18 years old\" → age","invocations":1,"location":null,"numPassingAsserts":1,"retryReasons":[],"status":"passed","title":"\"Must be at least 18 years old\" → age"},{"ancestorTitles":["classifyError covers all ErrorType values"],"duration":0,"failureDetails":[],"failureMessages":[],"fullName":"classifyError covers all ErrorType values \"Age must be between 18 and 120\" → age","invocations":1,"location":null,"numPassingAsserts":1,"retryReasons":[],"status":"passed","title":"\"Age must be between 18 and 120\" → age"},{"ancestorTitles":["classifyError covers all ErrorType values"],"duration":0,"failureDetails":[],"failureMessages":[],"fullName":"classifyError covers all ErrorType values \"Enter a valid zip code\" → zipcode","invocations":1,"location":null,"numPassingAsserts":1,"retryReasons":[],"status":"passed","title":"\"Enter a valid zip code\" → zipcode"},{"ancestorTitles":["classifyError covers all ErrorType values"],"duration":1,"failureDetails":[],"failureMessages":[],"fullName":"classifyError covers all ErrorType values \"Invalid postal code\" → zipcode","invocations":1,"location":null,"numPassingAsserts":1,"retryReasons":[],"status":"passed","title":"\"Invalid postal code\" → zipcode"},{"ancestorTitles":["classifyError covers all ErrorType values"],"duration":0,"failureDetails":[],"failureMessages":[],"fullName":"classifyError covers all ErrorType values \"ZIP code must be 5 digits\" → zipcode","invocations":1,"location":null,"numPassingAsserts":1,"retryReasons":[],"status":"passed","title":"\"ZIP code must be 5 digits\" → zipcode"},{"ancestorTitles":["classifyError covers all ErrorType values"],"duration":0,"failureDetails":[],"failureMessages":[],"fullName":"classifyError covers all ErrorType values \"Value must be greater than 0\" → range","invocations":1,"location":null,"numPassingAsserts":1,"retryReasons":[],"status":"passed","title":"\"Value must be greater than 0\" → range"},{"ancestorTitles":["classifyError covers all ErrorType values"],"duration":1,"failureDetails":[],"failureMessages":[],"fullName":"classifyError covers all ErrorType values \"Must be less than 100\" → range","invocations":1,"location":null,"numPassingAsserts":1,"retryReasons":[],"status":"passed","title":"\"Must be less than 100\" → range"},{"ancestorTitles":["classifyError covers all ErrorType values"],"duration":0,"failureDetails":[],"failureMessages":[],"fullName":"classifyError covers all ErrorType values \"Value is too small\" → range","invocations":1,"location":null,"numPassingAsserts":1,"retryReasons":[],"status":"passed","title":"\"Value is too small\" → range"},{"ancestorTitles":["classifyError covers all ErrorType values"],"duration":1,"failureDetails":[],"failureMessages":[],"fullName":"classifyError covers all ErrorType values \"Number is out of range\" → range","invocations":1,"location":null,"numPassingAsserts":1,"retryReasons":[],"status":"passed","title":"\"Number is out of range\" → range"},{"ancestorTitles":["buildRecoveryAction produces correct strategies"],"duration":4,"failureDetails":[],"failureMessages":[],"fullName":"buildRecoveryAction produces correct strategies exists → regenerate email with timestamp","invocations":1,"location":null,"numPassingAsserts":3,"retryReasons":[],"status":"passed","title":"exists → regenerate email with timestamp"},{"ancestorTitles":["buildRecoveryAction produces correct strategies"],"duration":3,"failureDetails":[],"failureMessages":[],"fullName":"buildRecoveryAction produces correct strategies required → regenerate value","invocations":1,"location":null,"numPassingAsserts":1,"retryReasons":[],"status":"passed","title":"required → regenerate value"},{"ancestorTitles":["buildRecoveryAction produces correct strategies"],"duration":2,"failureDetails":[],"failureMessages":[],"fullName":"buildRecoveryAction produces correct strategies password → regenerate strong password","invocations":1,"location":null,"numPassingAsserts":3,"retryReasons":[],"status":"passed","title":"password → regenerate strong password"},{"ancestorTitles":["buildRecoveryAction produces correct strategies"],"duration":2,"failureDetails":[],"failureMessages":[],"fullName":"buildRecoveryAction produces correct strategies length → adjusts constraints from error text","invocations":1,"location":null,"numPassingAsserts":1,"retryReasons":[],"status":"passed","title":"length → adjusts constraints from error text"},{"ancestorTitles":["buildRecoveryAction produces correct strategies"],"duration":1,"failureDetails":[],"failureMessages":[],"fullName":"buildRecoveryAction produces correct strategies phone → generates pattern-aware phone","invocations":1,"location":null,"numPassingAsserts":2,"retryReasons":[],"status":"passed","title":"phone → generates pattern-aware phone"},{"ancestorTitles":["buildRecoveryAction produces correct strategies"],"duration":2,"failureDetails":[],"failureMessages":[],"fullName":"buildRecoveryAction produces correct strategies date → generates valid date","invocations":1,"location":null,"numPassingAsserts":2,"retryReasons":[],"status":"passed","title":"date → generates valid date"},{"ancestorTitles":["buildRecoveryAction produces correct strategies"],"duration":1,"failureDetails":[],"failureMessages":[],"fullName":"buildRecoveryAction produces correct strategies number → generates valid number","invocations":1,"location":null,"numPassingAsserts":3,"retryReasons":[],"status":"passed","title":"number → generates valid number"},{"ancestorTitles":["buildRecoveryAction produces correct strategies"],"duration":2,"failureDetails":[],"failureMessages":[],"fullName":"buildRecoveryAction produces correct strategies range → generates number within range from error text","invocations":1,"location":null,"numPassingAsserts":2,"retryReasons":[],"status":"passed","title":"range → generates number within range from error text"},{"ancestorTitles":["buildRecoveryAction produces correct strategies"],"duration":1,"failureDetails":[],"failureMessages":[],"fullName":"buildRecoveryAction produces correct strategies url → generates valid URL","invocations":1,"location":null,"numPassingAsserts":2,"retryReasons":[],"status":"passed","title":"url → generates valid URL"},{"ancestorTitles":["buildRecoveryAction produces correct strategies"],"duration":1,"failureDetails":[],"failureMessages":[],"fullName":"buildRecoveryAction produces correct strategies username → generates username","invocations":1,"location":null,"numPassingAsserts":2,"retryReasons":[],"status":"passed","title":"username → generates username"},{"ancestorTitles":["buildRecoveryAction produces correct strategies"],"duration":0,"failureDetails":[],"failureMessages":[],"fullName":"buildRecoveryAction produces correct strategies creditCard → generates test card number","invocations":1,"location":null,"numPassingAsserts":2,"retryReasons":[],"status":"passed","title":"creditCard → generates test card number"},{"ancestorTitles":["buildRecoveryAction produces correct strategies"],"duration":0,"failureDetails":[],"failureMessages":[],"fullName":"buildRecoveryAction produces correct strategies alphanumeric → generates varchar","invocations":1,"location":null,"numPassingAsserts":2,"retryReasons":[],"status":"passed","title":"alphanumeric → generates varchar"},{"ancestorTitles":["buildRecoveryAction produces correct strategies"],"duration":0,"failureDetails":[],"failureMessages":[],"fullName":"buildRecoveryAction produces correct strategies lettersOnly → generates letters-only value","invocations":1,"location":null,"numPassingAsserts":2,"retryReasons":[],"status":"passed","title":"lettersOnly → generates letters-only value"},{"ancestorTitles":["buildRecoveryAction produces correct strategies"],"duration":1,"failureDetails":[],"failureMessages":[],"fullName":"buildRecoveryAction produces correct strategies digitsOnly → generates digits-only value","invocations":1,"location":null,"numPassingAsserts":3,"retryReasons":[],"status":"passed","title":"digitsOnly → generates digits-only value"},{"ancestorTitles":["buildRecoveryAction produces correct strategies"],"duration":1,"failureDetails":[],"failureMessages":[],"fullName":"buildRecoveryAction produces correct strategies noSpaces → generates value without spaces","invocations":1,"location":null,"numPassingAsserts":2,"retryReasons":[],"status":"passed","title":"noSpaces → generates value without spaces"},{"ancestorTitles":["buildRecoveryAction produces correct strategies"],"duration":1,"failureDetails":[],"failureMessages":[],"fullName":"buildRecoveryAction produces correct strategies age → generates age >= minimum","invocations":1,"location":null,"numPassingAsserts":2,"retryReasons":[],"status":"passed","title":"age → generates age >= minimum"},{"ancestorTitles":["buildRecoveryAction produces correct strategies"],"duration":1,"failureDetails":[],"failureMessages":[],"fullName":"buildRecoveryAction produces correct strategies zipcode → generates 5-digit zip","invocations":1,"location":null,"numPassingAsserts":2,"retryReasons":[],"status":"passed","title":"zipcode → generates 5-digit zip"},{"ancestorTitles":["Local fix handlers in fillFormWithRecovery"],"duration":272,"failureDetails":[],"failureMessages":[],"fullName":"Local fix handlers in fillFormWithRecovery number: coerces non-numeric string to number","invocations":1,"location":null,"numPassingAsserts":1,"retryReasons":[],"status":"passed","title":"number: coerces non-numeric string to number"},{"ancestorTitles":["Local fix handlers in fillFormWithRecovery"],"duration":234,"failureDetails":[],"failureMessages":[],"fullName":"Local fix handlers in fillFormWithRecovery number: respects min/max from error text","invocations":1,"location":null,"numPassingAsserts":1,"retryReasons":[],"status":"passed","title":"number: respects min/max from error text"},{"ancestorTitles":["Local fix handlers in fillFormWithRecovery"],"duration":237,"failureDetails":[],"failureMessages":[],"fullName":"Local fix handlers in fillFormWithRecovery url: prepends https:// when missing","invocations":1,"location":null,"numPassingAsserts":1,"retryReasons":[],"status":"passed","title":"url: prepends https:// when missing"},{"ancestorTitles":["Local fix handlers in fillFormWithRecovery"],"duration":236,"failureDetails":[],"failureMessages":[],"fullName":"Local fix handlers in fillFormWithRecovery date: generates past date for \"cannot be in the future\"","invocations":1,"location":null,"numPassingAsserts":1,"retryReasons":[],"status":"passed","title":"date: generates past date for \"cannot be in the future\""},{"ancestorTitles":["Local fix handlers in fillFormWithRecovery"],"duration":234,"failureDetails":[],"failureMessages":[],"fullName":"Local fix handlers in fillFormWithRecovery date: generates 18+ birthdate when age restriction mentioned","invocations":1,"location":null,"numPassingAsserts":1,"retryReasons":[],"status":"passed","title":"date: generates 18+ birthdate when age restriction mentioned"},{"ancestorTitles":["Local fix handlers in fillFormWithRecovery"],"duration":234,"failureDetails":[],"failureMessages":[],"fullName":"Local fix handlers in fillFormWithRecovery password: strengthens weak password","invocations":1,"location":null,"numPassingAsserts":3,"retryReasons":[],"status":"passed","title":"password: strengthens weak password"},{"ancestorTitles":["Local fix handlers in fillFormWithRecovery"],"duration":236,"failureDetails":[],"failureMessages":[],"fullName":"Local fix handlers in fillFormWithRecovery email: adds @domain when missing @","invocations":1,"location":null,"numPassingAsserts":1,"retryReasons":[],"status":"passed","title":"email: adds @domain when missing @"},{"ancestorTitles":["Local fix handlers in fillFormWithRecovery"],"duration":233,"failureDetails":[],"failureMessages":[],"fullName":"Local fix handlers in fillFormWithRecovery email: regenerates with timestamp for \"already taken\"","invocations":1,"location":null,"numPassingAsserts":2,"retryReasons":[],"status":"passed","title":"email: regenerates with timestamp for \"already taken\""},{"ancestorTitles":["Local fix handlers in fillFormWithRecovery"],"duration":233,"failureDetails":[],"failureMessages":[],"fullName":"Local fix handlers in fillFormWithRecovery username: adds suffix for uniqueness error","invocations":1,"location":null,"numPassingAsserts":1,"retryReasons":[],"status":"passed","title":"username: adds suffix for uniqueness error"},{"ancestorTitles":["Local fix handlers in fillFormWithRecovery"],"duration":233,"failureDetails":[],"failureMessages":[],"fullName":"Local fix handlers in fillFormWithRecovery zipcode: fixes digit count","invocations":1,"location":null,"numPassingAsserts":1,"retryReasons":[],"status":"passed","title":"zipcode: fixes digit count"},{"ancestorTitles":["Local fix handlers in fillFormWithRecovery"],"duration":232,"failureDetails":[],"failureMessages":[],"fullName":"Local fix handlers in fillFormWithRecovery no spaces: strips all whitespace","invocations":1,"location":null,"numPassingAsserts":1,"retryReasons":[],"status":"passed","title":"no spaces: strips all whitespace"},{"ancestorTitles":["Local fix handlers in fillFormWithRecovery"],"duration":236,"failureDetails":[],"failureMessages":[],"fullName":"Local fix handlers in fillFormWithRecovery letters only: strips digits from name field","invocations":1,"location":null,"numPassingAsserts":1,"retryReasons":[],"status":"passed","title":"letters only: strips digits from name field"},{"ancestorTitles":["Local fix handlers in fillFormWithRecovery"],"duration":235,"failureDetails":[],"failureMessages":[],"fullName":"Local fix handlers in fillFormWithRecovery digits only: strips non-digits","invocations":1,"location":null,"numPassingAsserts":1,"retryReasons":[],"status":"passed","title":"digits only: strips non-digits"},{"ancestorTitles":["Local fix handlers in fillFormWithRecovery"],"duration":231,"failureDetails":[],"failureMessages":[],"fullName":"Local fix handlers in fillFormWithRecovery credit card: strips formatting chars","invocations":1,"location":null,"numPassingAsserts":1,"retryReasons":[],"status":"passed","title":"credit card: strips formatting chars"},{"ancestorTitles":["Local fix handlers in fillFormWithRecovery"],"duration":236,"failureDetails":[],"failureMessages":[],"fullName":"Local fix handlers in fillFormWithRecovery length too long: trims to max from error text","invocations":1,"location":null,"numPassingAsserts":1,"retryReasons":[],"status":"passed","title":"length too long: trims to max from error text"},{"ancestorTitles":["Local fix handlers in fillFormWithRecovery"],"duration":234,"failureDetails":[],"failureMessages":[],"fullName":"Local fix handlers in fillFormWithRecovery length too short: pads to minimum","invocations":1,"location":null,"numPassingAsserts":1,"retryReasons":[],"status":"passed","title":"length too short: pads to minimum"},{"ancestorTitles":["Local fix handlers in fillFormWithRecovery"],"duration":234,"failureDetails":[],"failureMessages":[],"fullName":"Local fix handlers in fillFormWithRecovery credit card expiry: generates MM/YY format","invocations":1,"location":null,"numPassingAsserts":1,"retryReasons":[],"status":"passed","title":"credit card expiry: generates MM/YY format"},{"ancestorTitles":["calculateSeverity"],"duration":1,"failureDetails":[],"failureMessages":[],"fullName":"calculateSeverity exists errors are high severity","invocations":1,"location":null,"numPassingAsserts":1,"retryReasons":[],"status":"passed","title":"exists errors are high severity"},{"ancestorTitles":["calculateSeverity"],"duration":0,"failureDetails":[],"failureMessages":[],"fullName":"calculateSeverity creditCard errors are high severity","invocations":1,"location":null,"numPassingAsserts":1,"retryReasons":[],"status":"passed","title":"creditCard errors are high severity"},{"ancestorTitles":["calculateSeverity"],"duration":1,"failureDetails":[],"failureMessages":[],"fullName":"calculateSeverity required errors are medium severity","invocations":1,"location":null,"numPassingAsserts":1,"retryReasons":[],"status":"passed","title":"required errors are medium severity"},{"ancestorTitles":["calculateSeverity"],"duration":0,"failureDetails":[],"failureMessages":[],"fullName":"calculateSeverity length errors are low severity","invocations":1,"location":null,"numPassingAsserts":1,"retryReasons":[],"status":"passed","title":"length errors are low severity"},{"ancestorTitles":["parseLengthHint and parseRangeHint via recovery"],"duration":2,"failureDetails":[],"failureMessages":[],"fullName":"parseLengthHint and parseRangeHint via recovery extracts between X and Y from length error","invocations":1,"location":null,"numPassingAsserts":1,"retryReasons":[],"status":"passed","title":"extracts between X and Y from length error"},{"ancestorTitles":["parseLengthHint and parseRangeHint via recovery"],"duration":1,"failureDetails":[],"failureMessages":[],"fullName":"parseLengthHint and parseRangeHint via recovery extracts at least N from range error","invocations":1,"location":null,"numPassingAsserts":1,"retryReasons":[],"status":"passed","title":"extracts at least N from range error"}],"endTime":1774978601839,"message":"","name":"E:\\fake-filler\\tests\\unit\\comprehensive-recovery.test.ts","startTime":1774978597634,"status":"passed","summary":""},{"assertionResults":[{"ancestorTitles":["Server-side error recovery for plan code"],"duration":5,"failureDetails":[],"failureMessages":[],"fullName":"Server-side error recovery for plan code scanDomErrors detects .text-error errors even when input.validity.valid is true","invocations":1,"location":null,"numPassingAsserts":3,"retryReasons":[],"status":"passed","title":"scanDomErrors detects .text-error errors even when input.validity.valid is true"},{"ancestorTitles":["Server-side error recovery for plan code"],"duration":668,"failureDetails":[],"failureMessages":[],"fullName":"Server-side error recovery for plan code fillFormWithRecovery applies local fix for alphanumeric error","invocations":1,"location":null,"numPassingAsserts":2,"retryReasons":[],"status":"passed","title":"fillFormWithRecovery applies local fix for alphanumeric error"},{"ancestorTitles":["ERROR_PATTERNS classifies alphanumeric / letters-only errors"],"duration":0,"failureDetails":[],"failureMessages":[],"fullName":"ERROR_PATTERNS classifies alphanumeric / letters-only errors classifies correctly","invocations":1,"location":null,"numPassingAsserts":3,"retryReasons":[],"status":"passed","title":"classifies correctly"}],"endTime":1774978602624,"message":"","name":"E:\\fake-filler\\tests\\unit\\server-error-recovery.test.ts","startTime":1774978601863,"status":"passed","summary":""},{"assertionResults":[{"ancestorTitles":["Add-plan form detection fixture"],"duration":31,"failureDetails":[],"failureMessages":[],"fullName":"Add-plan form detection fixture detects six input fields on the add-plan form","invocations":1,"location":null,"numPassingAsserts":7,"retryReasons":[],"status":"passed","title":"detects six input fields on the add-plan form"},{"ancestorTitles":["Add-plan form detection fixture"],"duration":20,"failureDetails":[],"failureMessages":[],"fullName":"Add-plan form detection fixture detects correct labels for all fields","invocations":1,"location":null,"numPassingAsserts":1,"retryReasons":[],"status":"passed","title":"detects correct labels for all fields"},{"ancestorTitles":["Add-plan form detection fixture"],"duration":16,"failureDetails":[],"failureMessages":[],"fullName":"Add-plan form detection fixture data generator produces values for all six fields","invocations":1,"location":null,"numPassingAsserts":19,"retryReasons":[],"status":"passed","title":"data generator produces values for all six fields"},{"ancestorTitles":["Add-plan form detection fixture"],"duration":217,"failureDetails":[],"failureMessages":[],"fullName":"Add-plan form detection fixture filler sets values for all six fields in the DOM","invocations":1,"location":null,"numPassingAsserts":9,"retryReasons":[],"status":"passed","title":"filler sets values for all six fields in the DOM"},{"ancestorTitles":["Add-plan form detection fixture"],"duration":201,"failureDetails":[],"failureMessages":[],"fullName":"Add-plan form detection fixture fillTextInput fires compositionend, InputEvent with data, and direct assignment","invocations":1,"location":null,"numPassingAsserts":9,"retryReasons":[],"status":"passed","title":"fillTextInput fires compositionend, InputEvent with data, and direct assignment"}],"endTime":1774978603195,"message":"","name":"E:\\fake-filler\\tests\\unit\\add-plan.integration.test.ts","startTime":1774978602632,"status":"passed","summary":""},{"assertionResults":[{"ancestorTitles":["FormDetectionEngine"],"duration":5,"failureDetails":[],"failureMessages":[],"fullName":"FormDetectionEngine detects a simple login form and classifies it as login","invocations":1,"location":null,"numPassingAsserts":4,"retryReasons":[],"status":"passed","title":"detects a simple login form and classifies it as login"},{"ancestorTitles":["FormDetectionEngine"],"duration":2,"failureDetails":[],"failureMessages":[],"fullName":"FormDetectionEngine detects implicit forms (container without <form>)","invocations":1,"location":null,"numPassingAsserts":1,"retryReasons":[],"status":"passed","title":"detects implicit forms (container without <form>)"},{"ancestorTitles":["FormDetectionEngine"],"duration":1,"failureDetails":[],"failureMessages":[],"fullName":"FormDetectionEngine detects standalone search input outside a form","invocations":1,"location":null,"numPassingAsserts":1,"retryReasons":[],"status":"passed","title":"detects standalone search input outside a form"},{"ancestorTitles":["FormDetectionEngine"],"duration":2,"failureDetails":[],"failureMessages":[],"fullName":"FormDetectionEngine extracts options from custom dropdown-like elements","invocations":1,"location":null,"numPassingAsserts":1,"retryReasons":[],"status":"passed","title":"extracts options from custom dropdown-like elements"},{"ancestorTitles":["FormDetectionEngine"],"duration":3,"failureDetails":[],"failureMessages":[],"fullName":"FormDetectionEngine extracts label from Vue wrapper with nested divs (Plan Code pattern)","invocations":1,"location":null,"numPassingAsserts":2,"retryReasons":[],"status":"passed","title":"extracts label from Vue wrapper with nested divs (Plan Code pattern)"},{"ancestorTitles":["FormDetectionEngine"],"duration":3,"failureDetails":[],"failureMessages":[],"fullName":"FormDetectionEngine extracts label from sibling <label> without for attribute in wrapper","invocations":1,"location":null,"numPassingAsserts":2,"retryReasons":[],"status":"passed","title":"extracts label from sibling <label> without for attribute in wrapper"},{"ancestorTitles":["FormDetectionEngine"],"duration":6,"failureDetails":[],"failureMessages":[],"fullName":"FormDetectionEngine stops ancestor walk at multi-field containers","invocations":1,"location":null,"numPassingAsserts":4,"retryReasons":[],"status":"passed","title":"stops ancestor walk at multi-field containers"},{"ancestorTitles":["FormDetectionEngine"],"duration":3,"failureDetails":[],"failureMessages":[],"fullName":"FormDetectionEngine extracts label from Google Forms .M7eMe question text (deeply nested input)","invocations":1,"location":null,"numPassingAsserts":3,"retryReasons":[],"status":"passed","title":"extracts label from Google Forms .M7eMe question text (deeply nested input)"},{"ancestorTitles":["FormDetectionEngine"],"duration":3,"failureDetails":[],"failureMessages":[],"fullName":"FormDetectionEngine extracts label from Google Forms with multiple questions","invocations":1,"location":null,"numPassingAsserts":4,"retryReasons":[],"status":"passed","title":"extracts label from Google Forms with multiple questions"},{"ancestorTitles":["FormDetectionEngine"],"duration":3,"failureDetails":[],"failureMessages":[],"fullName":"FormDetectionEngine extracts clean label via aria-labelledby in Google Forms (strips required *)","invocations":1,"location":null,"numPassingAsserts":3,"retryReasons":[],"status":"passed","title":"extracts clean label via aria-labelledby in Google Forms (strips required *)"},{"ancestorTitles":["FormDetectionEngine"],"duration":3,"failureDetails":[],"failureMessages":[],"fullName":"FormDetectionEngine detects email field via aria-labelledby in Google Forms","invocations":1,"location":null,"numPassingAsserts":3,"retryReasons":[],"status":"passed","title":"detects email field via aria-labelledby in Google Forms"},{"ancestorTitles":["FormDetectionEngine"],"duration":2,"failureDetails":[],"failureMessages":[],"fullName":"FormDetectionEngine detects phone field via aria-labelledby in Google Forms","invocations":1,"location":null,"numPassingAsserts":3,"retryReasons":[],"status":"passed","title":"detects phone field via aria-labelledby in Google Forms"},{"ancestorTitles":["FormDetectionEngine"],"duration":5,"failureDetails":[],"failureMessages":[],"fullName":"FormDetectionEngine handles Google Forms with multiple questions via aria-labelledby","invocations":1,"location":null,"numPassingAsserts":6,"retryReasons":[],"status":"passed","title":"handles Google Forms with multiple questions via aria-labelledby"},{"ancestorTitles":["FormDetectionEngine"],"duration":3,"failureDetails":[],"failureMessages":[],"fullName":"FormDetectionEngine skips generic aria-label=\"Your answer\" and uses aria-labelledby instead","invocations":1,"location":null,"numPassingAsserts":4,"retryReasons":[],"status":"passed","title":"skips generic aria-label=\"Your answer\" and uses aria-labelledby instead"},{"ancestorTitles":["FormDetectionEngine"],"duration":2,"failureDetails":[],"failureMessages":[],"fullName":"FormDetectionEngine matches field type via id attribute only","invocations":1,"location":null,"numPassingAsserts":2,"retryReasons":[],"status":"passed","title":"matches field type via id attribute only"},{"ancestorTitles":["FormDetectionEngine"],"duration":2,"failureDetails":[],"failureMessages":[],"fullName":"FormDetectionEngine matches field type via name attribute only","invocations":1,"location":null,"numPassingAsserts":2,"retryReasons":[],"status":"passed","title":"matches field type via name attribute only"},{"ancestorTitles":["FormDetectionEngine"],"duration":3,"failureDetails":[],"failureMessages":[],"fullName":"FormDetectionEngine matches field type via label text only","invocations":1,"location":null,"numPassingAsserts":2,"retryReasons":[],"status":"passed","title":"matches field type via label text only"},{"ancestorTitles":["FormDetectionEngine"],"duration":2,"failureDetails":[],"failureMessages":[],"fullName":"FormDetectionEngine matches field type via aria-label attribute only","invocations":1,"location":null,"numPassingAsserts":2,"retryReasons":[],"status":"passed","title":"matches field type via aria-label attribute only"},{"ancestorTitles":["FormDetectionEngine"],"duration":2,"failureDetails":[],"failureMessages":[],"fullName":"FormDetectionEngine matches field type via aria-labelledby attribute only","invocations":1,"location":null,"numPassingAsserts":2,"retryReasons":[],"status":"passed","title":"matches field type via aria-labelledby attribute only"},{"ancestorTitles":["FormDetectionEngine"],"duration":5,"failureDetails":[],"failureMessages":[],"fullName":"FormDetectionEngine matches field type via class attribute only","invocations":1,"location":null,"numPassingAsserts":2,"retryReasons":[],"status":"passed","title":"matches field type via class attribute only"},{"ancestorTitles":["FormDetectionEngine"],"duration":2,"failureDetails":[],"failureMessages":[],"fullName":"FormDetectionEngine matches field type via placeholder attribute only","invocations":1,"location":null,"numPassingAsserts":2,"retryReasons":[],"status":"passed","title":"matches field type via placeholder attribute only"},{"ancestorTitles":["FormDetectionEngine"],"duration":2,"failureDetails":[],"failureMessages":[],"fullName":"FormDetectionEngine stores ariaLabel and className on FieldAnalysis","invocations":1,"location":null,"numPassingAsserts":3,"retryReasons":[],"status":"passed","title":"stores ariaLabel and className on FieldAnalysis"},{"ancestorTitles":["FormDetectionEngine"],"duration":2,"failureDetails":[],"failureMessages":[],"fullName":"FormDetectionEngine skips hidden input fields","invocations":1,"location":null,"numPassingAsserts":3,"retryReasons":[],"status":"passed","title":"skips hidden input fields"},{"ancestorTitles":["FormDetectionEngine"],"duration":2,"failureDetails":[],"failureMessages":[],"fullName":"FormDetectionEngine skips readOnly text inputs","invocations":1,"location":null,"numPassingAsserts":2,"retryReasons":[],"status":"passed","title":"skips readOnly text inputs"},{"ancestorTitles":["FormDetectionEngine"],"duration":2,"failureDetails":[],"failureMessages":[],"fullName":"FormDetectionEngine skips disabled inputs","invocations":1,"location":null,"numPassingAsserts":2,"retryReasons":[],"status":"passed","title":"skips disabled inputs"},{"ancestorTitles":["FormDetectionEngine"],"duration":3,"failureDetails":[],"failureMessages":[],"fullName":"FormDetectionEngine does NOT skip readOnly checkboxes (they still respond to click)","invocations":1,"location":null,"numPassingAsserts":1,"retryReasons":[],"status":"passed","title":"does NOT skip readOnly checkboxes (they still respond to click)"},{"ancestorTitles":["FormDetectionEngine"],"duration":2,"failureDetails":[],"failureMessages":[],"fullName":"FormDetectionEngine does not classify \"Title\" (salutation) as jobTitle","invocations":1,"location":null,"numPassingAsserts":2,"retryReasons":[],"status":"passed","title":"does not classify \"Title\" (salutation) as jobTitle"},{"ancestorTitles":["FormDetectionEngine"],"duration":2,"failureDetails":[],"failureMessages":[],"fullName":"FormDetectionEngine correctly classifies login form even with hidden CSRF token","invocations":1,"location":null,"numPassingAsserts":2,"retryReasons":[],"status":"passed","title":"correctly classifies login form even with hidden CSRF token"},{"ancestorTitles":["FormDetectionEngine"],"duration":2,"failureDetails":[],"failureMessages":[],"fullName":"FormDetectionEngine detects native select options correctly","invocations":1,"location":null,"numPassingAsserts":4,"retryReasons":[],"status":"passed","title":"detects native select options correctly"},{"ancestorTitles":["FormDetectionEngine"],"duration":3,"failureDetails":[],"failureMessages":[],"fullName":"FormDetectionEngine handles form with mixed input types comprehensively","invocations":1,"location":null,"numPassingAsserts":7,"retryReasons":[],"status":"passed","title":"handles form with mixed input types comprehensively"},{"ancestorTitles":["FormDetectionEngine"],"duration":2,"failureDetails":[],"failureMessages":[],"fullName":"FormDetectionEngine handles autocomplete attribute for field type detection","invocations":1,"location":null,"numPassingAsserts":4,"retryReasons":[],"status":"passed","title":"handles autocomplete attribute for field type detection"},{"ancestorTitles":["FormDetectionEngine"],"duration":2,"failureDetails":[],"failureMessages":[],"fullName":"FormDetectionEngine detects multi-step form indicator","invocations":1,"location":null,"numPassingAsserts":4,"retryReasons":[],"status":"passed","title":"detects multi-step form indicator"}],"endTime":1774978603334,"message":"","name":"E:\\fake-filler\\tests\\unit\\form-detection.test.ts","startTime":1774978603203,"status":"passed","summary":""},{"assertionResults":[{"ancestorTitles":["DataGenerator","generateEmail()"],"duration":1,"failureDetails":[],"failureMessages":[],"fullName":"DataGenerator generateEmail() returns a valid email address","invocations":1,"location":null,"numPassingAsserts":1,"retryReasons":[],"status":"passed","title":"returns a valid email address"},{"ancestorTitles":["DataGenerator","generateEmail()"],"duration":1,"failureDetails":[],"failureMessages":[],"fullName":"DataGenerator generateEmail() uses the configured email domain","invocations":1,"location":null,"numPassingAsserts":1,"retryReasons":[],"status":"passed","title":"uses the configured email domain"},{"ancestorTitles":["DataGenerator","generateEmail()"],"duration":0,"failureDetails":[],"failureMessages":[],"fullName":"DataGenerator generateEmail() incorporates persona name when provided","invocations":1,"location":null,"numPassingAsserts":2,"retryReasons":[],"status":"passed","title":"incorporates persona name when provided"},{"ancestorTitles":["DataGenerator","generateEmail()"],"duration":0,"failureDetails":[],"failureMessages":[],"fullName":"DataGenerator generateEmail() generates unique emails over multiple calls","invocations":1,"location":null,"numPassingAsserts":1,"retryReasons":[],"status":"passed","title":"generates unique emails over multiple calls"},{"ancestorTitles":["DataGenerator","generatePhone()"],"duration":1,"failureDetails":[],"failureMessages":[],"fullName":"DataGenerator generatePhone() returns a string with digits","invocations":1,"location":null,"numPassingAsserts":1,"retryReasons":[],"status":"passed","title":"returns a string with digits"},{"ancestorTitles":["DataGenerator","generatePhone()"],"duration":0,"failureDetails":[],"failureMessages":[],"fullName":"DataGenerator generatePhone() respects the en-US format pattern","invocations":1,"location":null,"numPassingAsserts":1,"retryReasons":[],"status":"passed","title":"respects the en-US format pattern"},{"ancestorTitles":["DataGenerator","generatePhone()"],"duration":1,"failureDetails":[],"failureMessages":[],"fullName":"DataGenerator generatePhone() uses the correct format for de-DE locale","invocations":1,"location":null,"numPassingAsserts":1,"retryReasons":[],"status":"passed","title":"uses the correct format for de-DE locale"},{"ancestorTitles":["DataGenerator","generatePhone()"],"duration":0,"failureDetails":[],"failureMessages":[],"fullName":"DataGenerator generatePhone() generates realistic phone for en-GB locale","invocations":1,"location":null,"numPassingAsserts":1,"retryReasons":[],"status":"passed","title":"generates realistic phone for en-GB locale"},{"ancestorTitles":["DataGenerator","address generation"],"duration":1,"failureDetails":[],"failureMessages":[],"fullName":"DataGenerator address generation generates street, city, state, zipcode, country","invocations":1,"location":null,"numPassingAsserts":6,"retryReasons":[],"status":"passed","title":"generates street, city, state, zipcode, country"},{"ancestorTitles":["DataGenerator","address generation"],"duration":1,"failureDetails":[],"failureMessages":[],"fullName":"DataGenerator address generation generates a combined address string for `address` type","invocations":1,"location":null,"numPassingAsserts":2,"retryReasons":[],"status":"passed","title":"generates a combined address string for `address` type"},{"ancestorTitles":["DataGenerator","generatePassword()"],"duration":1,"failureDetails":[],"failureMessages":[],"fullName":"DataGenerator generatePassword() meets minimum length","invocations":1,"location":null,"numPassingAsserts":1,"retryReasons":[],"status":"passed","title":"meets minimum length"},{"ancestorTitles":["DataGenerator","generatePassword()"],"duration":1,"failureDetails":[],"failureMessages":[],"fullName":"DataGenerator generatePassword() always contains an uppercase letter","invocations":1,"location":null,"numPassingAsserts":20,"retryReasons":[],"status":"passed","title":"always contains an uppercase letter"},{"ancestorTitles":["DataGenerator","generatePassword()"],"duration":1,"failureDetails":[],"failureMessages":[],"fullName":"DataGenerator generatePassword() always contains a digit","invocations":1,"location":null,"numPassingAsserts":20,"retryReasons":[],"status":"passed","title":"always contains a digit"},{"ancestorTitles":["DataGenerator","generatePassword()"],"duration":2,"failureDetails":[],"failureMessages":[],"fullName":"DataGenerator generatePassword() always contains a special character","invocations":1,"location":null,"numPassingAsserts":20,"retryReasons":[],"status":"passed","title":"always contains a special character"},{"ancestorTitles":["DataGenerator","generatePassword()"],"duration":3,"failureDetails":[],"failureMessages":[],"fullName":"DataGenerator generatePassword() generates passwords of default length when no minLength given","invocations":1,"location":null,"numPassingAsserts":1,"retryReasons":[],"status":"passed","title":"generates passwords of default length when no minLength given"},{"ancestorTitles":["DataGenerator","generateBirthdate()"],"duration":1,"failureDetails":[],"failureMessages":[],"fullName":"DataGenerator generateBirthdate() returns a valid ISO date string","invocations":1,"location":null,"numPassingAsserts":1,"retryReasons":[],"status":"passed","title":"returns a valid ISO date string"},{"ancestorTitles":["DataGenerator","generateBirthdate()"],"duration":1,"failureDetails":[],"failureMessages":[],"fullName":"DataGenerator generateBirthdate() generates an age >= 18","invocations":1,"location":null,"numPassingAsserts":20,"retryReasons":[],"status":"passed","title":"generates an age >= 18"},{"ancestorTitles":["DataGenerator","generateForField() – creditCard type"],"duration":0,"failureDetails":[],"failureMessages":[],"fullName":"DataGenerator generateForField() – creditCard type returns a Luhn-valid card number","invocations":1,"location":null,"numPassingAsserts":2,"retryReasons":[],"status":"passed","title":"returns a Luhn-valid card number"},{"ancestorTitles":["DataGenerator","generateCardExpiry()"],"duration":0,"failureDetails":[],"failureMessages":[],"fullName":"DataGenerator generateCardExpiry() returns MM/YY format","invocations":1,"location":null,"numPassingAsserts":1,"retryReasons":[],"status":"passed","title":"returns MM/YY format"},{"ancestorTitles":["DataGenerator","generateCardExpiry()"],"duration":1,"failureDetails":[],"failureMessages":[],"fullName":"DataGenerator generateCardExpiry() is in the future","invocations":1,"location":null,"numPassingAsserts":1,"retryReasons":[],"status":"passed","title":"is in the future"},{"ancestorTitles":["DataGenerator","generateNumber()"],"duration":0,"failureDetails":[],"failureMessages":[],"fullName":"DataGenerator generateNumber() respects min constraint","invocations":1,"location":null,"numPassingAsserts":1,"retryReasons":[],"status":"passed","title":"respects min constraint"},{"ancestorTitles":["DataGenerator","generateNumber()"],"duration":0,"failureDetails":[],"failureMessages":[],"fullName":"DataGenerator generateNumber() respects max constraint","invocations":1,"location":null,"numPassingAsserts":20,"retryReasons":[],"status":"passed","title":"respects max constraint"},{"ancestorTitles":["DataGenerator","buildPersona()"],"duration":0,"failureDetails":[],"failureMessages":[],"fullName":"DataGenerator buildPersona() returns a persona with firstName, lastName, username","invocations":1,"location":null,"numPassingAsserts":4,"retryReasons":[],"status":"passed","title":"returns a persona with firstName, lastName, username"},{"ancestorTitles":["DataGenerator","validate()"],"duration":0,"failureDetails":[],"failureMessages":[],"fullName":"DataGenerator validate() rejects values shorter than minLength","invocations":1,"location":null,"numPassingAsserts":1,"retryReasons":[],"status":"passed","title":"rejects values shorter than minLength"},{"ancestorTitles":["DataGenerator","validate()"],"duration":1,"failureDetails":[],"failureMessages":[],"fullName":"DataGenerator validate() rejects values longer than maxLength","invocations":1,"location":null,"numPassingAsserts":1,"retryReasons":[],"status":"passed","title":"rejects values longer than maxLength"},{"ancestorTitles":["DataGenerator","validate()"],"duration":1,"failureDetails":[],"failureMessages":[],"fullName":"DataGenerator validate() accepts a value within length bounds","invocations":1,"location":null,"numPassingAsserts":1,"retryReasons":[],"status":"passed","title":"accepts a value within length bounds"},{"ancestorTitles":["DataGenerator","validate()"],"duration":1,"failureDetails":[],"failureMessages":[],"fullName":"DataGenerator validate() validates against pattern constraint","invocations":1,"location":null,"numPassingAsserts":2,"retryReasons":[],"status":"passed","title":"validates against pattern constraint"},{"ancestorTitles":["DataGenerator","generateWithRetry()"],"duration":0,"failureDetails":[],"failureMessages":[],"fullName":"DataGenerator generateWithRetry() returns a non-null value for standard text fields","invocations":1,"location":null,"numPassingAsserts":1,"retryReasons":[],"status":"passed","title":"returns a non-null value for standard text fields"},{"ancestorTitles":["DataGenerator","generateWithRetry()"],"duration":0,"failureDetails":[],"failureMessages":[],"fullName":"DataGenerator generateWithRetry() returns null for file fields","invocations":1,"location":null,"numPassingAsserts":1,"retryReasons":[],"status":"passed","title":"returns null for file fields"},{"ancestorTitles":["DataGenerator","hint-based field inference"],"duration":1,"failureDetails":[],"failureMessages":[],"fullName":"DataGenerator hint-based field inference generates SSN for social security fields","invocations":1,"location":null,"numPassingAsserts":1,"retryReasons":[],"status":"passed","title":"generates SSN for social security fields"},{"ancestorTitles":["DataGenerator","hint-based field inference"],"duration":1,"failureDetails":[],"failureMessages":[],"fullName":"DataGenerator hint-based field inference generates bank account number for account fields","invocations":1,"location":null,"numPassingAsserts":1,"retryReasons":[],"status":"passed","title":"generates bank account number for account fields"},{"ancestorTitles":["DataGenerator","hint-based field inference"],"duration":0,"failureDetails":[],"failureMessages":[],"fullName":"DataGenerator hint-based field inference generates routing number for routing fields","invocations":1,"location":null,"numPassingAsserts":1,"retryReasons":[],"status":"passed","title":"generates routing number for routing fields"},{"ancestorTitles":["DataGenerator","hint-based field inference"],"duration":1,"failureDetails":[],"failureMessages":[],"fullName":"DataGenerator hint-based field inference generates varchar code for code fields","invocations":1,"location":null,"numPassingAsserts":1,"retryReasons":[],"status":"passed","title":"generates varchar code for code fields"},{"ancestorTitles":["DataGenerator","hint-based field inference"],"duration":1,"failureDetails":[],"failureMessages":[],"fullName":"DataGenerator hint-based field inference generates IP address for ip fields","invocations":1,"location":null,"numPassingAsserts":2,"retryReasons":[],"status":"passed","title":"generates IP address for ip fields"},{"ancestorTitles":["DataGenerator","hint-based field inference"],"duration":0,"failureDetails":[],"failureMessages":[],"fullName":"DataGenerator hint-based field inference generates promo code for coupon fields","invocations":1,"location":null,"numPassingAsserts":1,"retryReasons":[],"status":"passed","title":"generates promo code for coupon fields"},{"ancestorTitles":["DataGenerator","hint-based field inference"],"duration":0,"failureDetails":[],"failureMessages":[],"fullName":"DataGenerator hint-based field inference infers firstName for generic text field with name attribute","invocations":1,"location":null,"numPassingAsserts":2,"retryReasons":[],"status":"passed","title":"infers firstName for generic text field with name attribute"},{"ancestorTitles":["DataGenerator","hint-based field inference"],"duration":1,"failureDetails":[],"failureMessages":[],"fullName":"DataGenerator hint-based field inference infers phone for generic text field with hint","invocations":1,"location":null,"numPassingAsserts":2,"retryReasons":[],"status":"passed","title":"infers phone for generic text field with hint"},{"ancestorTitles":["DataGenerator","hint-based field inference"],"duration":1,"failureDetails":[],"failureMessages":[],"fullName":"DataGenerator hint-based field inference generates future date for start date hint","invocations":1,"location":null,"numPassingAsserts":2,"retryReasons":[],"status":"passed","title":"generates future date for start date hint"},{"ancestorTitles":["DataGenerator","hint-based field inference"],"duration":1,"failureDetails":[],"failureMessages":[],"fullName":"DataGenerator hint-based field inference generates numeric value for quantity fields","invocations":1,"location":null,"numPassingAsserts":3,"retryReasons":[],"status":"passed","title":"generates numeric value for quantity fields"},{"ancestorTitles":["DataGenerator","hint-based field inference"],"duration":1,"failureDetails":[],"failureMessages":[],"fullName":"DataGenerator hint-based field inference generates currency for price fields","invocations":1,"location":null,"numPassingAsserts":1,"retryReasons":[],"status":"passed","title":"generates currency for price fields"},{"ancestorTitles":["DataGenerator","date and time generators"],"duration":0,"failureDetails":[],"failureMessages":[],"fullName":"DataGenerator date and time generators generateTime returns HH:MM format","invocations":1,"location":null,"numPassingAsserts":5,"retryReasons":[],"status":"passed","title":"generateTime returns HH:MM format"},{"ancestorTitles":["DataGenerator","date and time generators"],"duration":0,"failureDetails":[],"failureMessages":[],"fullName":"DataGenerator date and time generators generateMonth returns YYYY-MM format","invocations":1,"location":null,"numPassingAsserts":1,"retryReasons":[],"status":"passed","title":"generateMonth returns YYYY-MM format"},{"ancestorTitles":["DataGenerator","date and time generators"],"duration":1,"failureDetails":[],"failureMessages":[],"fullName":"DataGenerator date and time generators generateWeek returns YYYY-Www format","invocations":1,"location":null,"numPassingAsserts":1,"retryReasons":[],"status":"passed","title":"generateWeek returns YYYY-Www format"},{"ancestorTitles":["DataGenerator","date and time generators"],"duration":0,"failureDetails":[],"failureMessages":[],"fullName":"DataGenerator date and time generators generateCardExpiry returns MM/YY in the future","invocations":1,"location":null,"numPassingAsserts":1,"retryReasons":[],"status":"passed","title":"generateCardExpiry returns MM/YY in the future"},{"ancestorTitles":["DataGenerator","date and time generators"],"duration":1,"failureDetails":[],"failureMessages":[],"fullName":"DataGenerator date and time generators generateBirthdate returns YYYY-MM-DD between 18 and 60 years ago","invocations":1,"location":null,"numPassingAsserts":3,"retryReasons":[],"status":"passed","title":"generateBirthdate returns YYYY-MM-DD between 18 and 60 years ago"},{"ancestorTitles":["DataGenerator","number with step"],"duration":3,"failureDetails":[],"failureMessages":[],"fullName":"DataGenerator number with step generates values aligned to s
[...]
llName":"pick() returns an element from the array","invocations":1,"location":null,"numPassingAsserts":20,"retryReasons":[],"status":"passed","title":"returns an element from the array"},{"ancestorTitles":["shuffleInPlace()"],"duration":0,"failureDetails":[],"failureMessages":[],"fullName":"shuffleInPlace() returns the same elements","invocations":1,"location":null,"numPassingAsserts":1,"retryReasons":[],"status":"passed","title":"returns the same elements"},{"ancestorTitles":["shuffleInPlace()"],"duration":0,"failureDetails":[],"failureMessages":[],"fullName":"shuffleInPlace() modifies and returns the same array reference","invocations":1,"location":null,"numPassingAsserts":1,"retryReasons":[],"status":"passed","title":"modifies and returns the same array reference"},{"ancestorTitles":["Luhn algorithm"],"duration":1,"failureDetails":[],"failureMessages":[],"fullName":"Luhn algorithm isLuhnValid returns true for known valid card (Visa)","invocations":1,"location":null,"numPassingAsserts":1,"retryReasons":[],"status":"passed","title":"isLuhnValid returns true for known valid card (Visa)"},{"ancestorTitles":["Luhn algorithm"],"duration":0,"failureDetails":[],"failureMessages":[],"fullName":"Luhn algorithm isLuhnValid returns true for known valid card (MC)","invocations":1,"location":null,"numPassingAsserts":1,"retryReasons":[],"status":"passed","title":"isLuhnValid returns true for known valid card (MC)"},{"ancestorTitles":["Luhn algorithm"],"duration":0,"failureDetails":[],"failureMessages":[],"fullName":"Luhn algorithm isLuhnValid returns false for an invalid card number","invocations":1,"location":null,"numPassingAsserts":1,"retryReasons":[],"status":"passed","title":"isLuhnValid returns false for an invalid card number"},{"ancestorTitles":["Luhn algorithm"],"duration":1,"failureDetails":[],"failureMessages":[],"fullName":"Luhn algorithm isLuhnValid ignores non-digit characters","invocations":1,"location":null,"numPassingAsserts":1,"retryReasons":[],"status":"passed","title":"isLuhnValid ignores non-digit characters"},{"ancestorTitles":["Luhn algorithm"],"duration":0,"failureDetails":[],"failureMessages":[],"fullName":"Luhn algorithm luhnChecksum returns 0 for a valid number","invocations":1,"location":null,"numPassingAsserts":1,"retryReasons":[],"status":"passed","title":"luhnChecksum returns 0 for a valid number"},{"ancestorTitles":["toISODate()"],"duration":0,"failureDetails":[],"failureMessages":[],"fullName":"toISODate() formats a Date as YYYY-MM-DD","invocations":1,"location":null,"numPassingAsserts":1,"retryReasons":[],"status":"passed","title":"formats a Date as YYYY-MM-DD"},{"ancestorTitles":["randomDate()"],"duration":1,"failureDetails":[],"failureMessages":[],"fullName":"randomDate() returns a Date between from and to","invocations":1,"location":null,"numPassingAsserts":20,"retryReasons":[],"status":"passed","title":"returns a Date between from and to"},{"ancestorTitles":["generateId()"],"duration":0,"failureDetails":[],"failureMessages":[],"fullName":"generateId() returns a non-empty string","invocations":1,"location":null,"numPassingAsserts":1,"retryReasons":[],"status":"passed","title":"returns a non-empty string"},{"ancestorTitles":["generateId()"],"duration":0,"failureDetails":[],"failureMessages":[],"fullName":"generateId() includes the prefix when given","invocations":1,"location":null,"numPassingAsserts":1,"retryReasons":[],"status":"passed","title":"includes the prefix when given"},{"ancestorTitles":["generateId()"],"duration":1,"failureDetails":[],"failureMessages":[],"fullName":"generateId() generates unique IDs","invocations":1,"location":null,"numPassingAsserts":1,"retryReasons":[],"status":"passed","title":"generates unique IDs"},{"ancestorTitles":["hostnameFromUrl()"],"duration":1,"failureDetails":[],"failureMessages":[],"fullName":"hostnameFromUrl() extracts hostname from a valid URL","invocations":1,"location":null,"numPassingAsserts":1,"retryReasons":[],"status":"passed","title":"extracts hostname from a valid URL"},{"ancestorTitles":["hostnameFromUrl()"],"duration":1,"failureDetails":[],"failureMessages":[],"fullName":"hostnameFromUrl() returns empty string for an invalid URL","invocations":1,"location":null,"numPassingAsserts":1,"retryReasons":[],"status":"passed","title":"returns empty string for an invalid URL"},{"ancestorTitles":["matchesHostnameList()"],"duration":0,"failureDetails":[],"failureMessages":[],"fullName":"matchesHostnameList() matches an exact hostname","invocations":1,"location":null,"numPassingAsserts":1,"retryReasons":[],"status":"passed","title":"matches an exact hostname"},{"ancestorTitles":["matchesHostnameList()"],"duration":0,"failureDetails":[],"failureMessages":[],"fullName":"matchesHostnameList() matches a subdomain when entry has no wildcard","invocations":1,"location":null,"numPassingAsserts":1,"retryReasons":[],"status":"passed","title":"matches a subdomain when entry has no wildcard"},{"ancestorTitles":["matchesHostnameList()"],"duration":0,"failureDetails":[],"failureMessages":[],"fullName":"matchesHostnameList() matches wildcard entries","invocations":1,"location":null,"numPassingAsserts":1,"retryReasons":[],"status":"passed","title":"matches wildcard entries"},{"ancestorTitles":["matchesHostnameList()"],"duration":0,"failureDetails":[],"failureMessages":[],"fullName":"matchesHostnameList() does not match unrelated hostnames","invocations":1,"location":null,"numPassingAsserts":1,"retryReasons":[],"status":"passed","title":"does not match unrelated hostnames"},{"ancestorTitles":["matchesHostnameList()"],"duration":0,"failureDetails":[],"failureMessages":[],"fullName":"matchesHostnameList() returns false for empty list","invocations":1,"location":null,"numPassingAsserts":1,"retryReasons":[],"status":"passed","title":"returns false for empty list"},{"ancestorTitles":["truncate()"],"duration":0,"failureDetails":[],"failureMessages":[],"fullName":"truncate() truncates long strings with ellipsis","invocations":1,"location":null,"numPassingAsserts":2,"retryReasons":[],"status":"passed","title":"truncates long strings with ellipsis"},{"ancestorTitles":["truncate()"],"duration":0,"failureDetails":[],"failureMessages":[],"fullName":"truncate() returns the string unchanged when within limit","invocations":1,"location":null,"numPassingAsserts":1,"retryReasons":[],"status":"passed","title":"returns the string unchanged when within limit"},{"ancestorTitles":["padStart()"],"duration":1,"failureDetails":[],"failureMessages":[],"fullName":"padStart() pads a single digit to two characters","invocations":1,"location":null,"numPassingAsserts":1,"retryReasons":[],"status":"passed","title":"pads a single digit to two characters"},{"ancestorTitles":["padStart()"],"duration":0,"failureDetails":[],"failureMessages":[],"fullName":"padStart() does not pad when already at width","invocations":1,"location":null,"numPassingAsserts":1,"retryReasons":[],"status":"passed","title":"does not pad when already at width"},{"ancestorTitles":["deepClone()"],"duration":0,"failureDetails":[],"failureMessages":[],"fullName":"deepClone() produces a deep copy of an object","invocations":1,"location":null,"numPassingAsserts":1,"retryReasons":[],"status":"passed","title":"produces a deep copy of an object"}],"endTime":1774978603717,"message":"","name":"E:\\fake-filler\\tests\\unit\\utils.test.ts","startTime":1774978603663,"status":"passed","summary":""},{"assertionResults":[{"ancestorTitles":["formFingerprint()"],"duration":1,"failureDetails":[],"failureMessages":[],"fullName":"formFingerprint() produces a deterministic string for a set of fields","invocations":1,"location":null,"numPassingAsserts":1,"retryReasons":[],"status":"passed","title":"produces a deterministic string for a set of fields"},{"ancestorTitles":["formFingerprint()"],"duration":1,"failureDetails":[],"failureMessages":[],"fullName":"formFingerprint() produces the same fingerprint regardless of field order","invocations":1,"location":null,"numPassingAsserts":1,"retryReasons":[],"status":"passed","title":"produces the same fingerprint regardless of field order"},{"ancestorTitles":["formFingerprint()"],"duration":0,"failureDetails":[],"failureMessages":[],"fullName":"formFingerprint() produces different fingerprints for different field sets","invocations":1,"location":null,"numPassingAsserts":1,"retryReasons":[],"status":"passed","title":"produces different fingerprints for different field sets"},{"ancestorTitles":["formFingerprint()"],"duration":0,"failureDetails":[],"failureMessages":[],"fullName":"formFingerprint() uses id when name is empty","invocations":1,"location":null,"numPassingAsserts":1,"retryReasons":[],"status":"passed","title":"uses id when name is empty"},{"ancestorTitles":["formFingerprint()"],"duration":0,"failureDetails":[],"failureMessages":[],"fullName":"formFingerprint() returns empty string for empty array","invocations":1,"location":null,"numPassingAsserts":1,"retryReasons":[],"status":"passed","title":"returns empty string for empty array"},{"ancestorTitles":["formFingerprint()"],"duration":1,"failureDetails":[],"failureMessages":[],"fullName":"formFingerprint() detects when a field type changes (same name, different htmlType)","invocations":1,"location":null,"numPassingAsserts":1,"retryReasons":[],"status":"passed","title":"detects when a field type changes (same name, different htmlType)"},{"ancestorTitles":["Chaining settings defaults"],"duration":0,"failureDetails":[],"failureMessages":[],"fullName":"Chaining settings defaults chainingEnabled defaults to false","invocations":1,"location":null,"numPassingAsserts":1,"retryReasons":[],"status":"passed","title":"chainingEnabled defaults to false"},{"ancestorTitles":["Chaining settings defaults"],"duration":0,"failureDetails":[],"failureMessages":[],"fullName":"Chaining settings defaults chainingTimeoutMs defaults to 600000 (10 minutes)","invocations":1,"location":null,"numPassingAsserts":1,"retryReasons":[],"status":"passed","title":"chainingTimeoutMs defaults to 600000 (10 minutes)"},{"ancestorTitles":["Chaining settings defaults"],"duration":1,"failureDetails":[],"failureMessages":[],"fullName":"Chaining settings defaults maxChainSteps defaults to 10","invocations":1,"location":null,"numPassingAsserts":1,"retryReasons":[],"status":"passed","title":"maxChainSteps defaults to 10"},{"ancestorTitles":["Chaining settings defaults"],"duration":0,"failureDetails":[],"failureMessages":[],"fullName":"Chaining settings defaults chainingDelayMs defaults to 500","invocations":1,"location":null,"numPassingAsserts":1,"retryReasons":[],"status":"passed","title":"chainingDelayMs defaults to 500"},{"ancestorTitles":["Chaining settings defaults"],"duration":1,"failureDetails":[],"failureMessages":[],"fullName":"Chaining settings defaults autoSubmitOnChaining defaults to false","invocations":1,"location":null,"numPassingAsserts":1,"retryReasons":[],"status":"passed","title":"autoSubmitOnChaining defaults to false"},{"ancestorTitles":["Background chaining state"],"duration":0,"failureDetails":[],"failureMessages":[],"fullName":"Background chaining state enableChaining adds a tab to the map","invocations":1,"location":null,"numPassingAsserts":1,"retryReasons":[],"status":"passed","title":"enableChaining adds a tab to the map"},{"ancestorTitles":["Background chaining state"],"duration":0,"failureDetails":[],"failureMessages":[],"fullName":"Background chaining state disableChaining removes the tab","invocations":1,"location":null,"numPassingAsserts":1,"retryReasons":[],"status":"passed","title":"disableChaining removes the tab"},{"ancestorTitles":["Background chaining state"],"duration":0,"failureDetails":[],"failureMessages":[],"fullName":"Background chaining state enableChaining replaces previous entry for same tab","invocations":1,"location":null,"numPassingAsserts":1,"retryReasons":[],"status":"passed","title":"enableChaining replaces previous entry for same tab"},{"ancestorTitles":["Background chaining state"],"duration":0,"failureDetails":[],"failureMessages":[],"fullName":"Background chaining state incrementChainCount returns true while under limit","invocations":1,"location":null,"numPassingAsserts":3,"retryReasons":[],"status":"passed","title":"incrementChainCount returns true while under limit"},{"ancestorTitles":["Background chaining state"],"duration":0,"failureDetails":[],"failureMessages":[],"fullName":"Background chaining state incrementChainCount returns false if tab not tracked","invocations":1,"location":null,"numPassingAsserts":1,"retryReasons":[],"status":"passed","title":"incrementChainCount returns false if tab not tracked"},{"ancestorTitles":["Background chaining state"],"duration":1,"failureDetails":[],"failureMessages":[],"fullName":"Background chaining state disableChaining is idempotent for unknown tabs","invocations":1,"location":null,"numPassingAsserts":1,"retryReasons":[],"status":"passed","title":"disableChaining is idempotent for unknown tabs"},{"ancestorTitles":["Content chaining state"],"duration":0,"failureDetails":[],"failureMessages":[],"fullName":"Content chaining state should not trigger chain fill when chaining is inactive","invocations":1,"location":null,"numPassingAsserts":1,"retryReasons":[],"status":"passed","title":"should not trigger chain fill when chaining is inactive"},{"ancestorTitles":["Content chaining state"],"duration":1,"failureDetails":[],"failureMessages":[],"fullName":"Content chaining state should trigger chain fill when chaining is active and fingerprint changes","invocations":1,"location":null,"numPassingAsserts":1,"retryReasons":[],"status":"passed","title":"should trigger chain fill when chaining is active and fingerprint changes"},{"ancestorTitles":["Content chaining state"],"duration":0,"failureDetails":[],"failureMessages":[],"fullName":"Content chaining state should NOT re-trigger for same form fingerprint","invocations":1,"location":null,"numPassingAsserts":1,"retryReasons":[],"status":"passed","title":"should NOT re-trigger for same form fingerprint"},{"ancestorTitles":["Content chaining state"],"duration":0,"failureDetails":[],"failureMessages":[],"fullName":"Content chaining state should detect wizard step change (same form element, different fields)","invocations":1,"location":null,"numPassingAsserts":2,"retryReasons":[],"status":"passed","title":"should detect wizard step change (same form element, different fields)"},{"ancestorTitles":["Content chaining state"],"duration":0,"failureDetails":[],"failureMessages":[],"fullName":"Content chaining state updates lastFilledFingerprint after fill to prevent re-trigger","invocations":1,"location":null,"numPassingAsserts":1,"retryReasons":[],"status":"passed","title":"updates lastFilledFingerprint after fill to prevent re-trigger"},{"ancestorTitles":["MessageAction chaining types"],"duration":0,"failureDetails":[],"failureMessages":[],"fullName":"MessageAction chaining types ENABLE_CHAINING is a valid message action","invocations":1,"location":null,"numPassingAsserts":1,"retryReasons":[],"status":"passed","title":"ENABLE_CHAINING is a valid message action"},{"ancestorTitles":["MessageAction chaining types"],"duration":0,"failureDetails":[],"failureMessages":[],"fullName":"MessageAction chaining types DISABLE_CHAINING is a valid message action","invocations":1,"location":null,"numPassingAsserts":1,"retryReasons":[],"status":"passed","title":"DISABLE_CHAINING is a valid message action"},{"ancestorTitles":["MessageAction chaining types"],"duration":1,"failureDetails":[],"failureMessages":[],"fullName":"MessageAction chaining types CHAIN_FILL_REQUEST is a valid message action","invocations":1,"location":null,"numPassingAsserts":1,"retryReasons":[],"status":"passed","title":"CHAIN_FILL_REQUEST is a valid message action"},{"ancestorTitles":["MessageAction chaining types"],"duration":0,"failureDetails":[],"failureMessages":[],"fullName":"MessageAction chaining types START_CHAINING is a valid message action","invocations":1,"location":null,"numPassingAsserts":1,"retryReasons":[],"status":"passed","title":"START_CHAINING is a valid message action"},{"ancestorTitles":["MessageAction chaining types"],"duration":0,"failureDetails":[],"failureMessages":[],"fullName":"MessageAction chaining types GET_CHAIN_LOG is a valid message action","invocations":1,"location":null,"numPassingAsserts":1,"retryReasons":[],"status":"passed","title":"GET_CHAIN_LOG is a valid message action"},{"ancestorTitles":["MessageAction chaining types"],"duration":1,"failureDetails":[],"failureMessages":[],"fullName":"MessageAction chaining types AUTO_SUBMIT is a valid message action","invocations":1,"location":null,"numPassingAsserts":1,"retryReasons":[],"status":"passed","title":"AUTO_SUBMIT is a valid message action"},{"ancestorTitles":["Chain log"],"duration":0,"failureDetails":[],"failureMessages":[],"fullName":"Chain log adds entries for a tab","invocations":1,"location":null,"numPassingAsserts":3,"retryReasons":[],"status":"passed","title":"adds entries for a tab"},{"ancestorTitles":["Chain log"],"duration":1,"failureDetails":[],"failureMessages":[],"fullName":"Chain log keeps only last 50 entries","invocations":1,"location":null,"numPassingAsserts":1,"retryReasons":[],"status":"passed","title":"keeps only last 50 entries"},{"ancestorTitles":["Chain log"],"duration":0,"failureDetails":[],"failureMessages":[],"fullName":"Chain log separate logs per tab","invocations":1,"location":null,"numPassingAsserts":2,"retryReasons":[],"status":"passed","title":"separate logs per tab"},{"ancestorTitles":["Auto-submit button detection"],"duration":5,"failureDetails":[],"failureMessages":[],"fullName":"Auto-submit button detection clicks a submit button inside a form","invocations":1,"location":null,"numPassingAsserts":2,"retryReasons":[],"status":"passed","title":"clicks a submit button inside a form"},{"ancestorTitles":["Auto-submit button detection"],"duration":1,"failureDetails":[],"failureMessages":[],"fullName":"Auto-submit button detection finds a Next button by text content","invocations":1,"location":null,"numPassingAsserts":2,"retryReasons":[],"status":"passed","title":"finds a Next button by text content"},{"ancestorTitles":["Auto-submit button detection"],"duration":0,"failureDetails":[],"failureMessages":[],"fullName":"Auto-submit button detection does not match arbitrary button text","invocations":1,"location":null,"numPassingAsserts":1,"retryReasons":[],"status":"passed","title":"does not match arbitrary button text"}],"endTime":1774978603783,"message":"","name":"E:\\fake-filler\\tests\\unit\\chaining.test.ts","startTime":1774978603725,"status":"passed","summary":""},{"assertionResults":[{"ancestorTitles":["FormFiller custom multiselect handling"],"duration":2,"failureDetails":[],"failureMessages":[],"fullName":"FormFiller custom multiselect handling sets hidden input and updates display for .multiselect__single","invocations":1,"location":null,"numPassingAsserts":3,"retryReasons":[],"status":"passed","title":"sets hidden input and updates display for .multiselect__single"}],"endTime":1774978603828,"message":"","name":"E:\\fake-filler\\tests\\unit\\multiselect.integration.test.ts","startTime":1774978603796,"status":"passed","summary":""},{"assertionResults":[{"ancestorTitles":["Hotkey utilities"],"duration":1,"failureDetails":[],"failureMessages":[],"fullName":"Hotkey utilities canonicalizes common variants","invocations":1,"location":null,"numPassingAsserts":5,"retryReasons":[],"status":"passed","title":"canonicalizes common variants"},{"ancestorTitles":["Hotkey utilities"],"duration":1,"failureDetails":[],"failureMessages":[],"fullName":"Hotkey utilities parses canonical hotkey into flags","invocations":1,"location":null,"numPassingAsserts":5,"retryReasons":[],"status":"passed","title":"parses canonical hotkey into flags"}],"endTime":1774978603868,"message":"","name":"E:\\fake-filler\\tests\\unit\\hotkey.test.ts","startTime":1774978603835,"status":"passed","summary":""}],"wasInterrupted":false}
